
build/telosb/main.exe:     file format elf32-msp430


Disassembly of section .text:

00004000 <__watchdog_support>:
    4000:	55 42 20 01 	mov.b	&0x0120,r5	
    4004:	35 d0 08 5a 	bis	#23048,	r5	;#0x5a08
    4008:	82 45 26 11 	mov	r5,	&0x1126	

0000400c <__init_stack>:
    400c:	31 40 00 39 	mov	#14592,	r1	;#0x3900

00004010 <__do_copy_data>:
    4010:	3f 40 02 00 	mov	#2,	r15	;#0x0002
    4014:	0f 93       	tst	r15		
    4016:	08 24       	jz	$+18     	;abs 0x4028
    4018:	92 42 26 11 20 01 	mov	&0x1126,&0x0120	
    401e:	2f 83       	decd	r15		
    4020:	9f 4f 2e 49 00 11 	mov	18734(r15),4352(r15);0x492e(r15), 0x1100(r15)
    4026:	f8 23       	jnz	$-14     	;abs 0x4018

00004028 <__do_clear_bss>:
    4028:	3f 40 24 00 	mov	#36,	r15	;#0x0024
    402c:	0f 93       	tst	r15		
    402e:	07 24       	jz	$+16     	;abs 0x403e
    4030:	92 42 26 11 20 01 	mov	&0x1126,&0x0120	
    4036:	1f 83       	dec	r15		
    4038:	cf 43 02 11 	mov.b	#0,	4354(r15);r3 As==00, 0x1102(r15)
    403c:	f9 23       	jnz	$-12     	;abs 0x4030

0000403e <main>:
    403e:	21 83       	decd	r1		
    4040:	b0 12 46 44 	call	#0x4446	
    4044:	47 4f       	mov.b	r15,	r7	
    4046:	f2 43 06 11 	mov.b	#-1,	&0x1106	;r3 As==11
    404a:	f2 43 07 11 	mov.b	#-1,	&0x1107	;r3 As==11
    404e:	f2 43 24 11 	mov.b	#-1,	&0x1124	;r3 As==11
    4052:	f2 43 25 11 	mov.b	#-1,	&0x1125	;r3 As==11
    4056:	b2 40 80 5a 20 01 	mov	#23168,	&0x0120	;#0x5a80
    405c:	a2 42 60 01 	mov	#4,	&0x0160	;r2 As==10
    4060:	82 43 2e 01 	mov	#0,	&0x012e	;r3 As==00
    4064:	a2 42 80 01 	mov	#4,	&0x0180	;r2 As==10
    4068:	82 43 1e 01 	mov	#0,	&0x011e	;r3 As==00
    406c:	b2 40 20 02 60 01 	mov	#544,	&0x0160	;#0x0220
    4072:	b2 40 20 01 80 01 	mov	#288,	&0x0180	;#0x0120
    4078:	f2 40 84 ff 57 00 	mov.b	#-124,	&0x0057	;#0xff84
    407e:	c2 43 58 00 	mov.b	#0,	&0x0058	;r3 As==00
    4082:	b2 40 00 40 82 01 	mov	#16384,	&0x0182	;#0x4000
    4088:	3b 40 0c 00 	mov	#12,	r11	;#0x000c
    408c:	3d 40 00 08 	mov	#2048,	r13	;#0x0800
    4090:	0e 43       	clr	r14		
    4092:	0c 4d       	mov	r13,	r12	
    4094:	0c de       	bis	r14,	r12	
    4096:	59 42 57 00 	mov.b	&0x0057,r9	
    409a:	0a 4c       	mov	r12,	r10	
    409c:	8a 10       	swpb	r10		
    409e:	7a f0 07 00 	and.b	#7,	r10	;#0x0007
    40a2:	79 f0 f8 ff 	and.b	#-8,	r9	;#0xfff8
    40a6:	4a d9       	bis.b	r9,	r10	
    40a8:	c2 4a 57 00 	mov.b	r10,	&0x0057	
    40ac:	c2 4c 56 00 	mov.b	r12,	&0x0056	
    40b0:	79 40 03 00 	mov.b	#3,	r9	;#0x0003
    40b4:	0a 43       	clr	r10		
    40b6:	08 43       	clr	r8		
    40b8:	0f 3c       	jmp	$+32     	;abs 0x40d8
    40ba:	18 42 90 01 	mov	&0x0190,r8	
    40be:	38 52       	add	#8,	r8	;r2 As==11
    40c0:	82 48 92 01 	mov	r8,	&0x0192	
    40c4:	b2 f0 fe ff 82 01 	and	#-2,	&0x0182	;#0xfffe
    40ca:	92 b3 82 01 	bit	#1,	&0x0182	;r3 As==01
    40ce:	fd 27       	jz	$-4      	;abs 0x40ca
    40d0:	1f 42 70 01 	mov	&0x0170,r15	
    40d4:	08 4a       	mov	r10,	r8	
    40d6:	0a 4f       	mov	r15,	r10	
    40d8:	79 53       	add.b	#-1,	r9	;r3 As==11
    40da:	ef 23       	jnz	$-32     	;abs 0x40ba
    40dc:	0a 88       	sub	r8,	r10	
    40de:	3a 90 01 04 	cmp	#1025,	r10	;#0x0401
    40e2:	01 2c       	jc	$+4      	;abs 0x40e6
    40e4:	0e 4c       	mov	r12,	r14	
    40e6:	0d 11       	rra	r13		
    40e8:	3b 53       	add	#-1,	r11	;r3 As==11
    40ea:	d3 23       	jnz	$-88     	;abs 0x4092
    40ec:	0f 4e       	mov	r14,	r15	
    40ee:	3f f0 e0 00 	and	#224,	r15	;#0x00e0
    40f2:	3f 90 e0 00 	cmp	#224,	r15	;#0x00e0
    40f6:	02 20       	jnz	$+6      	;abs 0x40fc
    40f8:	3e f0 e0 ff 	and	#-32,	r14	;#0xffe0
    40fc:	5c 42 57 00 	mov.b	&0x0057,r12	
    4100:	0d 4e       	mov	r14,	r13	
    4102:	8d 10       	swpb	r13		
    4104:	7d f0 07 00 	and.b	#7,	r13	;#0x0007
    4108:	7c f0 f8 ff 	and.b	#-8,	r12	;#0xfff8
    410c:	4d dc       	bis.b	r12,	r13	
    410e:	c2 4d 57 00 	mov.b	r13,	&0x0057	
    4112:	c2 4e 56 00 	mov.b	r14,	&0x0056	
    4116:	5e 42 57 00 	mov.b	&0x0057,r14	
    411a:	7e f0 07 00 	and.b	#7,	r14	;#0x0007
    411e:	7e d0 80 ff 	bis.b	#-128,	r14	;#0xff80
    4122:	c2 4e 57 00 	mov.b	r14,	&0x0057	
    4126:	e2 42 58 00 	mov.b	#4,	&0x0058	;r2 As==10
    412a:	f2 f0 fd ff 00 00 	and.b	#-3,	&0x0000	;#0xfffd
    4130:	82 43 70 01 	mov	#0,	&0x0170	;r3 As==00
    4134:	b2 40 02 02 60 01 	mov	#514,	&0x0160	;#0x0202
    413a:	82 43 90 01 	mov	#0,	&0x0190	;r3 As==00
    413e:	b2 40 02 01 80 01 	mov	#258,	&0x0180	;#0x0102
    4144:	1e 42 60 01 	mov	&0x0160,r14	
    4148:	3e f0 cf ff 	and	#-49,	r14	;#0xffcf
    414c:	3e d0 20 00 	bis	#32,	r14	;#0x0020
    4150:	82 4e 60 01 	mov	r14,	&0x0160	
    4154:	1e 42 80 01 	mov	&0x0180,r14	
    4158:	3e f0 cf ff 	and	#-49,	r14	;#0xffcf
    415c:	3e d0 20 00 	bis	#32,	r14	;#0x0020
    4160:	82 4e 80 01 	mov	r14,	&0x0180	
    4164:	c2 43 26 00 	mov.b	#0,	&0x0026	;r3 As==00
    4168:	c2 43 2e 00 	mov.b	#0,	&0x002e	;r3 As==00
    416c:	c2 43 1b 00 	mov.b	#0,	&0x001b	;r3 As==00
    4170:	c2 43 1f 00 	mov.b	#0,	&0x001f	;r3 As==00
    4174:	c2 43 33 00 	mov.b	#0,	&0x0033	;r3 As==00
    4178:	c2 43 37 00 	mov.b	#0,	&0x0037	;r3 As==00
    417c:	c2 43 21 00 	mov.b	#0,	&0x0021	;r3 As==00
    4180:	f2 40 e0 ff 22 00 	mov.b	#-32,	&0x0022	;#0xffe0
    4186:	f2 40 30 00 29 00 	mov.b	#48,	&0x0029	;#0x0030
    418c:	f2 40 7b 00 2a 00 	mov.b	#123,	&0x002a	;#0x007b
    4192:	c2 43 19 00 	mov.b	#0,	&0x0019	;r3 As==00
    4196:	f2 40 f1 ff 1a 00 	mov.b	#-15,	&0x001a	;#0xfff1
    419c:	f2 40 dd ff 1d 00 	mov.b	#-35,	&0x001d	;#0xffdd
    41a2:	f2 40 fd ff 1e 00 	mov.b	#-3,	&0x001e	;#0xfffd
    41a8:	f2 43 31 00 	mov.b	#-1,	&0x0031	;r3 As==11
    41ac:	f2 43 32 00 	mov.b	#-1,	&0x0032	;r3 As==11
    41b0:	c2 43 35 00 	mov.b	#0,	&0x0035	;r3 As==00
    41b4:	f2 43 36 00 	mov.b	#-1,	&0x0036	;r3 As==11
    41b8:	c2 43 25 00 	mov.b	#0,	&0x0025	;r3 As==00
    41bc:	c2 43 2d 00 	mov.b	#0,	&0x002d	;r3 As==00
    41c0:	1f 42 70 01 	mov	&0x0170,r15	
    41c4:	1e 42 70 01 	mov	&0x0170,r14	
    41c8:	0e 8f       	sub	r15,	r14	
    41ca:	3e 90 01 28 	cmp	#10241,	r14	;#0x2801
    41ce:	fa 2b       	jnc	$-10     	;abs 0x41c4
    41d0:	e2 d3 1a 00 	bis.b	#2,	&0x001a	;r3 As==10
    41d4:	f2 d2 1a 00 	bis.b	#8,	&0x001a	;r2 As==11
    41d8:	f2 d0 80 ff 1e 00 	bis.b	#-128,	&0x001e	;#0xff80
    41de:	f2 d0 10 00 1e 00 	bis.b	#16,	&0x001e	;#0x0010
    41e4:	f2 d0 80 ff 1d 00 	bis.b	#-128,	&0x001d	;#0xff80
    41ea:	f2 d0 10 00 1d 00 	bis.b	#16,	&0x001d	;#0x0010
    41f0:	03 43       	nop			
    41f2:	03 43       	nop			
    41f4:	f2 f0 ef ff 1d 00 	and.b	#-17,	&0x001d	;#0xffef
    41fa:	f2 f0 f7 ff 19 00 	and.b	#-9,	&0x0019	;#0xfff7
    4200:	5f 43       	mov.b	#1,	r15	;r3 As==01
    4202:	b0 12 c8 43 	call	#0x43c8	
    4206:	4f 43       	clr.b	r15		
    4208:	b0 12 c8 43 	call	#0x43c8	
    420c:	5f 43       	mov.b	#1,	r15	;r3 As==01
    420e:	b0 12 c8 43 	call	#0x43c8	
    4212:	5f 43       	mov.b	#1,	r15	;r3 As==01
    4214:	b0 12 c8 43 	call	#0x43c8	
    4218:	5f 43       	mov.b	#1,	r15	;r3 As==01
    421a:	b0 12 c8 43 	call	#0x43c8	
    421e:	4f 43       	clr.b	r15		
    4220:	b0 12 c8 43 	call	#0x43c8	
    4224:	4f 43       	clr.b	r15		
    4226:	b0 12 c8 43 	call	#0x43c8	
    422a:	5f 43       	mov.b	#1,	r15	;r3 As==01
    422c:	b0 12 c8 43 	call	#0x43c8	
    4230:	f2 d0 10 00 1d 00 	bis.b	#16,	&0x001d	;#0x0010
    4236:	f2 d2 19 00 	bis.b	#8,	&0x0019	;r2 As==11
    423a:	e2 d3 19 00 	bis.b	#2,	&0x0019	;r3 As==10
    423e:	b0 12 6a 48 	call	#0x486a	
    4242:	4f 93       	tst.b	r15		
    4244:	fc 23       	jnz	$-6      	;abs 0x423e
    4246:	b2 f0 ef ff 82 01 	and	#-17,	&0x0182	;#0xffef
    424c:	b2 40 00 40 82 01 	mov	#16384,	&0x0182	;#0x4000
    4252:	b0 12 6a 48 	call	#0x486a	
    4256:	4f 93       	tst.b	r15		
    4258:	fc 23       	jnz	$-6      	;abs 0x4252
    425a:	4f 47       	mov.b	r7,	r15	
    425c:	b0 12 58 44 	call	#0x4458	
    4260:	32 d2       	eint			
    4262:	b0 12 60 44 	call	#0x4460	
    4266:	82 4e 16 11 	mov	r14,	&0x1116	
    426a:	82 4f 18 11 	mov	r15,	&0x1118	
    426e:	b2 40 e8 03 1a 11 	mov	#1000,	&0x111a	;#0x03e8
    4274:	82 43 1c 11 	mov	#0,	&0x111c	;r3 As==00
    4278:	5f 42 1e 11 	mov.b	&0x111e,r15	
    427c:	7f f0 fe ff 	and.b	#-2,	r15	;#0xfffe
    4280:	6f d3       	bis.b	#2,	r15	;r3 As==10
    4282:	c2 4f 1e 11 	mov.b	r15,	&0x111e	
    4286:	5f 43       	mov.b	#1,	r15	;r3 As==01
    4288:	b0 12 fe 45 	call	#0x45fe	
    428c:	b0 12 46 44 	call	#0x4446	
    4290:	4a 4f       	mov.b	r15,	r10	
    4292:	86 3c       	jmp	$+270    	;abs 0x43a0
    4294:	c2 93 00 11 	tst.b	&0x1100	
    4298:	77 24       	jz	$+240    	;abs 0x4388
    429a:	b2 b0 10 00 62 01 	bit	#16,	&0x0162	;#0x0010
    42a0:	08 20       	jnz	$+18     	;abs 0x42b2
    42a2:	b2 b0 10 00 64 01 	bit	#16,	&0x0164	;#0x0010
    42a8:	04 20       	jnz	$+10     	;abs 0x42b2
    42aa:	b2 b0 10 00 66 01 	bit	#16,	&0x0166	;#0x0010
    42b0:	07 24       	jz	$+16     	;abs 0x42c0
    42b2:	1e 42 60 01 	mov	&0x0160,r14	
    42b6:	3e f0 00 03 	and	#768,	r14	;#0x0300
    42ba:	3e 90 00 02 	cmp	#512,	r14	;#0x0200
    42be:	2e 24       	jz	$+94     	;abs 0x431c
    42c0:	5f 42 04 00 	mov.b	&0x0004,r15	
    42c4:	3f b0 c0 00 	bit	#192,	r15	;#0x00c0
    42c8:	05 24       	jz	$+12     	;abs 0x42d4
    42ca:	5f 42 71 00 	mov.b	&0x0071,r15	
    42ce:	3f f0 20 00 	and	#32,	r15	;#0x0020
    42d2:	26 20       	jnz	$+78     	;abs 0x4320
    42d4:	5f 42 05 00 	mov.b	&0x0005,r15	
    42d8:	3f b0 30 00 	bit	#48,	r15	;#0x0030
    42dc:	05 24       	jz	$+12     	;abs 0x42e8
    42de:	5f 42 79 00 	mov.b	&0x0079,r15	
    42e2:	3f f0 20 00 	and	#32,	r15	;#0x0020
    42e6:	1e 20       	jnz	$+62     	;abs 0x4324
    42e8:	5f 42 70 00 	mov.b	&0x0070,r15	
    42ec:	1f f3       	and	#1,	r15	;r3 As==01
    42ee:	1c 24       	jz	$+58     	;abs 0x4328
    42f0:	5f 42 71 00 	mov.b	&0x0071,r15	
    42f4:	3f f0 20 00 	and	#32,	r15	;#0x0020
    42f8:	1a 24       	jz	$+54     	;abs 0x432e
    42fa:	5f 42 72 00 	mov.b	&0x0072,r15	
    42fe:	3f f0 20 00 	and	#32,	r15	;#0x0020
    4302:	18 24       	jz	$+50     	;abs 0x4334
    4304:	5f 42 70 00 	mov.b	&0x0070,r15	
    4308:	2f f2       	and	#4,	r15	;r2 As==10
    430a:	17 24       	jz	$+48     	;abs 0x433a
    430c:	5f 42 70 00 	mov.b	&0x0070,r15	
    4310:	3f f0 20 00 	and	#32,	r15	;#0x0020
    4314:	15 20       	jnz	$+44     	;abs 0x4340
    4316:	7e 40 05 00 	mov.b	#5,	r14	;#0x0005
    431a:	13 3c       	jmp	$+40     	;abs 0x4342
    431c:	6e 43       	mov.b	#2,	r14	;r3 As==10
    431e:	11 3c       	jmp	$+36     	;abs 0x4342
    4320:	6e 43       	mov.b	#2,	r14	;r3 As==10
    4322:	0f 3c       	jmp	$+32     	;abs 0x4342
    4324:	6e 43       	mov.b	#2,	r14	;r3 As==10
    4326:	0d 3c       	jmp	$+28     	;abs 0x4342
    4328:	7e 40 05 00 	mov.b	#5,	r14	;#0x0005
    432c:	0a 3c       	jmp	$+22     	;abs 0x4342
    432e:	7e 40 05 00 	mov.b	#5,	r14	;#0x0005
    4332:	07 3c       	jmp	$+16     	;abs 0x4342
    4334:	7e 40 05 00 	mov.b	#5,	r14	;#0x0005
    4338:	04 3c       	jmp	$+10     	;abs 0x4342
    433a:	7e 40 05 00 	mov.b	#5,	r14	;#0x0005
    433e:	01 3c       	jmp	$+4      	;abs 0x4342
    4340:	6e 43       	mov.b	#2,	r14	;r3 As==10
    4342:	b2 b0 10 00 a0 01 	bit	#16,	&0x01a0	;#0x0010
    4348:	19 24       	jz	$+52     	;abs 0x437c
    434a:	b2 b0 10 00 a2 01 	bit	#16,	&0x01a2	;#0x0010
    4350:	05 24       	jz	$+12     	;abs 0x435c
    4352:	b2 b2 a2 01 	bit	#8,	&0x01a2	;r2 As==11
    4356:	0f 24       	jz	$+32     	;abs 0x4376
    4358:	6e 43       	mov.b	#2,	r14	;r3 As==10
    435a:	10 3c       	jmp	$+34     	;abs 0x437c
    435c:	1f 42 a2 01 	mov	&0x01a2,r15	
    4360:	3f b0 00 04 	bit	#1024,	r15	;#0x0400
    4364:	0b 24       	jz	$+24     	;abs 0x437c
    4366:	1d 42 60 01 	mov	&0x0160,r13	
    436a:	3d f0 00 03 	and	#768,	r13	;#0x0300
    436e:	3d 90 00 02 	cmp	#512,	r13	;#0x0200
    4372:	04 20       	jnz	$+10     	;abs 0x437c
    4374:	02 3c       	jmp	$+6      	;abs 0x437a
    4376:	4e 43       	clr.b	r14		
    4378:	01 3c       	jmp	$+4      	;abs 0x437c
    437a:	6e 43       	mov.b	#2,	r14	;r3 As==10
    437c:	7e 90 05 00 	cmp.b	#5,	r14	;#0x0005
    4380:	01 28       	jnc	$+4      	;abs 0x4384
    4382:	6e 42       	mov.b	#4,	r14	;r2 As==10
    4384:	c2 4e 04 11 	mov.b	r14,	&0x1104	
    4388:	5e 42 04 11 	mov.b	&0x1104,r14	
    438c:	0e 5e       	rla	r14		
    438e:	1e 4e 22 49 	mov	18722(r14),r14	;0x4922(r14)
    4392:	3e d2       	bis	#8,	r14	;r2 As==11
    4394:	81 4e 00 00 	mov	r14,	0(r1)	;0x0000(r1)
    4398:	22 d1       	bis	@r1,	r2	
    439a:	32 c2       	dint			
    439c:	03 43       	nop			
    439e:	03 43       	nop			
    43a0:	f2 93 24 11 	cmp.b	#-1,	&0x1124	;r3 As==11
    43a4:	77 27       	jz	$-272    	;abs 0x4294
    43a6:	b0 12 ec 43 	call	#0x43ec	
    43aa:	4b 4f       	mov.b	r15,	r11	
    43ac:	7f 93       	cmp.b	#-1,	r15	;r3 As==11
    43ae:	72 27       	jz	$-282    	;abs 0x4294
    43b0:	4f 4a       	mov.b	r10,	r15	
    43b2:	b0 12 58 44 	call	#0x4458	
    43b6:	4f 4b       	mov.b	r11,	r15	
    43b8:	b0 12 6c 47 	call	#0x476c	
    43bc:	67 3f       	jmp	$-304    	;abs 0x428c

000043be <__stop_progExec__>:
    43be:	32 d0 f0 00 	bis	#240,	r2	;#0x00f0
    43c2:	fd 3f       	jmp	$-4      	;abs 0x43be

000043c4 <__ctors_end>:
    43c4:	30 40 10 49 	br	#0x4910	

000043c8 <MotePlatformC__TOSH_FLASH_M25P_DP_bit>:
    43c8:	4f 93       	tst.b	r15		
    43ca:	04 24       	jz	$+10     	;abs 0x43d4
    43cc:	5f 42 19 00 	mov.b	&0x0019,r15	
    43d0:	6f d3       	bis.b	#2,	r15	;r3 As==10
    43d2:	04 3c       	jmp	$+10     	;abs 0x43dc
    43d4:	5f 42 19 00 	mov.b	&0x0019,r15	
    43d8:	7f f0 fd ff 	and.b	#-3,	r15	;#0xfffd
    43dc:	c2 4f 19 00 	mov.b	r15,	&0x0019	
    43e0:	f2 d2 19 00 	bis.b	#8,	&0x0019	;r2 As==11
    43e4:	f2 f0 f7 ff 19 00 	and.b	#-9,	&0x0019	;#0xfff7
    43ea:	30 41       	ret			

000043ec <SchedulerBasicP__popTask.part.23>:
    43ec:	5f 42 24 11 	mov.b	&0x1124,r15	
    43f0:	4e 4f       	mov.b	r15,	r14	
    43f2:	3e 50 06 11 	add	#4358,	r14	;#0x1106
    43f6:	6d 4e       	mov.b	@r14,	r13	
    43f8:	c2 4d 24 11 	mov.b	r13,	&0x1124	
    43fc:	7d 93       	cmp.b	#-1,	r13	;r3 As==11
    43fe:	02 20       	jnz	$+6      	;abs 0x4404
    4400:	f2 43 25 11 	mov.b	#-1,	&0x1125	;r3 As==11
    4404:	fe 43 00 00 	mov.b	#-1,	0(r14)	;r3 As==11, 0x0000(r14)
    4408:	30 41       	ret			

0000440a <Msp430TimerP__0__Event__fired>:
    440a:	5f 93       	cmp.b	#1,	r15	;r3 As==01
    440c:	0c 24       	jz	$+26     	;abs 0x4426
    440e:	03 28       	jnc	$+8      	;abs 0x4416
    4410:	6f 93       	cmp.b	#2,	r15	;r3 As==10
    4412:	18 20       	jnz	$+50     	;abs 0x4444
    4414:	10 3c       	jmp	$+34     	;abs 0x4436
    4416:	1f 42 62 01 	mov	&0x0162,r15	
    441a:	8f 10       	swpb	r15		
    441c:	5f f3       	and.b	#1,	r15	;r3 As==01
    441e:	12 24       	jz	$+38     	;abs 0x4444
    4420:	1f 42 72 01 	mov	&0x0172,r15	
    4424:	30 41       	ret			
    4426:	1f 42 64 01 	mov	&0x0164,r15	
    442a:	8f 10       	swpb	r15		
    442c:	5f f3       	and.b	#1,	r15	;r3 As==01
    442e:	0a 24       	jz	$+22     	;abs 0x4444
    4430:	1f 42 74 01 	mov	&0x0174,r15	
    4434:	30 41       	ret			
    4436:	1f 42 66 01 	mov	&0x0166,r15	
    443a:	8f 10       	swpb	r15		
    443c:	5f f3       	and.b	#1,	r15	;r3 As==01
    443e:	02 24       	jz	$+6      	;abs 0x4444
    4440:	1f 42 76 01 	mov	&0x0176,r15	
    4444:	30 41       	ret			

00004446 <__nesc_atomic_start>:
    4446:	0e 42       	mov	r2,	r14	
    4448:	32 c2       	dint			
    444a:	03 43       	nop			
    444c:	03 43       	nop			
    444e:	3e f2       	and	#8,	r14	;r2 As==11
    4450:	5f 43       	mov.b	#1,	r15	;r3 As==01
    4452:	01 20       	jnz	$+4      	;abs 0x4456
    4454:	4f 43       	clr.b	r15		
    4456:	30 41       	ret			

00004458 <__nesc_atomic_end>:
    4458:	4f 93       	tst.b	r15		
    445a:	01 24       	jz	$+4      	;abs 0x445e
    445c:	32 d2       	eint			
    445e:	30 41       	ret			

00004460 <TransformAlarmC__0__Counter__get>:
    4460:	0b 12       	push	r11		
    4462:	0a 12       	push	r10		
    4464:	09 12       	push	r9		
    4466:	08 12       	push	r8		
    4468:	b0 12 46 44 	call	#0x4446	
    446c:	4c 4f       	mov.b	r15,	r12	
    446e:	1a 42 12 11 	mov	&0x1112,r10	
    4472:	1b 42 14 11 	mov	&0x1114,r11	
    4476:	1d 42 90 01 	mov	&0x0190,r13	
    447a:	01 3c       	jmp	$+4      	;abs 0x447e
    447c:	0d 4f       	mov	r15,	r13	
    447e:	1f 42 90 01 	mov	&0x0190,r15	
    4482:	0d 9f       	cmp	r15,	r13	
    4484:	fb 23       	jnz	$-8      	;abs 0x447c
    4486:	1f 42 80 01 	mov	&0x0180,r15	
    448a:	5f f3       	and.b	#1,	r15	;r3 As==01
    448c:	0a 24       	jz	$+22     	;abs 0x44a2
    448e:	1a 53       	inc	r10		
    4490:	0b 63       	adc	r11		
    4492:	1d 42 90 01 	mov	&0x0190,r13	
    4496:	01 3c       	jmp	$+4      	;abs 0x449a
    4498:	0d 4f       	mov	r15,	r13	
    449a:	1f 42 90 01 	mov	&0x0190,r15	
    449e:	0d 9f       	cmp	r15,	r13	
    44a0:	fb 23       	jnz	$-8      	;abs 0x4498
    44a2:	12 c3       	clrc			
    44a4:	0d 10       	rrc	r13		
    44a6:	12 c3       	clrc			
    44a8:	0d 10       	rrc	r13		
    44aa:	12 c3       	clrc			
    44ac:	0d 10       	rrc	r13		
    44ae:	12 c3       	clrc			
    44b0:	0d 10       	rrc	r13		
    44b2:	12 c3       	clrc			
    44b4:	0d 10       	rrc	r13		
    44b6:	08 4d       	mov	r13,	r8	
    44b8:	09 43       	clr	r9		
    44ba:	0e 4a       	mov	r10,	r14	
    44bc:	0f 4b       	mov	r11,	r15	
    44be:	4f ea       	xor.b	r10,	r15	
    44c0:	0f ea       	xor	r10,	r15	
    44c2:	8f 10       	swpb	r15		
    44c4:	4e 4e       	mov.b	r14,	r14	
    44c6:	8e 10       	swpb	r14		
    44c8:	0e 5e       	rla	r14		
    44ca:	0f 6f       	rlc	r15		
    44cc:	0e 5e       	rla	r14		
    44ce:	0f 6f       	rlc	r15		
    44d0:	0e 5e       	rla	r14		
    44d2:	0f 6f       	rlc	r15		
    44d4:	08 de       	bis	r14,	r8	
    44d6:	09 df       	bis	r15,	r9	
    44d8:	4f 4c       	mov.b	r12,	r15	
    44da:	b0 12 58 44 	call	#0x4458	
    44de:	0e 48       	mov	r8,	r14	
    44e0:	0f 49       	mov	r9,	r15	
    44e2:	38 41       	pop	r8		
    44e4:	39 41       	pop	r9		
    44e6:	3a 41       	pop	r10		
    44e8:	3b 41       	pop	r11		
    44ea:	30 41       	ret			

000044ec <TransformAlarmC__0__set_alarm>:
    44ec:	0b 12       	push	r11		
    44ee:	0a 12       	push	r10		
    44f0:	b0 12 60 44 	call	#0x4460	
    44f4:	1c 42 0e 11 	mov	&0x110e,r12	
    44f8:	1d 42 10 11 	mov	&0x1110,r13	
    44fc:	0a 4c       	mov	r12,	r10	
    44fe:	0b 4d       	mov	r13,	r11	
    4500:	1a 52 0a 11 	add	&0x110a,r10	
    4504:	1b 62 0c 11 	addc	&0x110c,r11	
    4508:	0f 9d       	cmp	r13,	r15	
    450a:	09 28       	jnc	$+20     	;abs 0x451e
    450c:	02 20       	jnz	$+6      	;abs 0x4512
    450e:	0e 9c       	cmp	r12,	r14	
    4510:	06 28       	jnc	$+14     	;abs 0x451e
    4512:	0b 9d       	cmp	r13,	r11	
    4514:	10 28       	jnc	$+34     	;abs 0x4536
    4516:	09 20       	jnz	$+20     	;abs 0x452a
    4518:	0a 9c       	cmp	r12,	r10	
    451a:	0d 28       	jnc	$+28     	;abs 0x4536
    451c:	06 3c       	jmp	$+14     	;abs 0x452a
    451e:	0b 9d       	cmp	r13,	r11	
    4520:	04 28       	jnc	$+10     	;abs 0x452a
    4522:	0d 9b       	cmp	r11,	r13	
    4524:	27 28       	jnc	$+80     	;abs 0x4574
    4526:	0a 9c       	cmp	r12,	r10	
    4528:	25 2c       	jc	$+76     	;abs 0x4574
    452a:	0f 9b       	cmp	r11,	r15	
    452c:	04 28       	jnc	$+10     	;abs 0x4536
    452e:	0b 9f       	cmp	r15,	r11	
    4530:	21 28       	jnc	$+68     	;abs 0x4574
    4532:	0e 9a       	cmp	r10,	r14	
    4534:	1f 2c       	jc	$+64     	;abs 0x4574
    4536:	0c 4a       	mov	r10,	r12	
    4538:	0d 4b       	mov	r11,	r13	
    453a:	0c 8e       	sub	r14,	r12	
    453c:	0d 7f       	subc	r15,	r13	
    453e:	0d 93       	tst	r13		
    4540:	03 20       	jnz	$+8      	;abs 0x4548
    4542:	3c 90 01 04 	cmp	#1025,	r12	;#0x0401
    4546:	18 28       	jnc	$+50     	;abs 0x4578
    4548:	0a 4e       	mov	r14,	r10	
    454a:	0b 4f       	mov	r15,	r11	
    454c:	3a 50 00 04 	add	#1024,	r10	;#0x0400
    4550:	0b 63       	adc	r11		
    4552:	82 4a 0e 11 	mov	r10,	&0x110e	
    4556:	82 4b 10 11 	mov	r11,	&0x1110	
    455a:	0a 4c       	mov	r12,	r10	
    455c:	0b 4d       	mov	r13,	r11	
    455e:	3a 50 00 fc 	add	#-1024,	r10	;#0xfc00
    4562:	3b 63       	addc	#-1,	r11	;r3 As==11
    4564:	82 4a 0a 11 	mov	r10,	&0x110a	
    4568:	82 4b 0c 11 	mov	r11,	&0x110c	
    456c:	3c 40 00 04 	mov	#1024,	r12	;#0x0400
    4570:	0d 43       	clr	r13		
    4572:	0a 3c       	jmp	$+22     	;abs 0x4588
    4574:	0c 43       	clr	r12		
    4576:	0d 43       	clr	r13		
    4578:	82 4a 0e 11 	mov	r10,	&0x110e	
    457c:	82 4b 10 11 	mov	r11,	&0x1110	
    4580:	82 43 0a 11 	mov	#0,	&0x110a	;r3 As==00
    4584:	82 43 0c 11 	mov	#0,	&0x110c	;r3 As==00
    4588:	0c 5c       	rla	r12		
    458a:	0c 5c       	rla	r12		
    458c:	0c 5c       	rla	r12		
    458e:	0c 5c       	rla	r12		
    4590:	0c 5c       	rla	r12		
    4592:	0e 5e       	rla	r14		
    4594:	0e 5e       	rla	r14		
    4596:	0e 5e       	rla	r14		
    4598:	0e 5e       	rla	r14		
    459a:	0e 5e       	rla	r14		
    459c:	1f 42 90 01 	mov	&0x0190,r15	
    45a0:	01 3c       	jmp	$+4      	;abs 0x45a4
    45a2:	0f 4d       	mov	r13,	r15	
    45a4:	1d 42 90 01 	mov	&0x0190,r13	
    45a8:	0f 9d       	cmp	r13,	r15	
    45aa:	fb 23       	jnz	$-8      	;abs 0x45a2
    45ac:	0b 4f       	mov	r15,	r11	
    45ae:	0b 8e       	sub	r14,	r11	
    45b0:	0b 9c       	cmp	r12,	r11	
    45b2:	09 28       	jnc	$+20     	;abs 0x45c6
    45b4:	1f 42 90 01 	mov	&0x0190,r15	
    45b8:	01 3c       	jmp	$+4      	;abs 0x45bc
    45ba:	0f 4e       	mov	r14,	r15	
    45bc:	1e 42 90 01 	mov	&0x0190,r14	
    45c0:	0f 9e       	cmp	r14,	r15	
    45c2:	fb 23       	jnz	$-8      	;abs 0x45ba
    45c4:	0c 3c       	jmp	$+26     	;abs 0x45de
    45c6:	0c 8b       	sub	r11,	r12	
    45c8:	3c 90 03 00 	cmp	#3,	r12	;#0x0003
    45cc:	0c 2c       	jc	$+26     	;abs 0x45e6
    45ce:	1f 42 90 01 	mov	&0x0190,r15	
    45d2:	01 3c       	jmp	$+4      	;abs 0x45d6
    45d4:	0f 4e       	mov	r14,	r15	
    45d6:	1e 42 90 01 	mov	&0x0190,r14	
    45da:	0f 9e       	cmp	r14,	r15	
    45dc:	fb 23       	jnz	$-8      	;abs 0x45d4
    45de:	2f 53       	incd	r15		
    45e0:	82 4f 92 01 	mov	r15,	&0x0192	
    45e4:	03 3c       	jmp	$+8      	;abs 0x45ec
    45e6:	0c 5f       	add	r15,	r12	
    45e8:	82 4c 92 01 	mov	r12,	&0x0192	
    45ec:	b2 f0 fe ff 82 01 	and	#-2,	&0x0182	;#0xfffe
    45f2:	b2 d0 10 00 82 01 	bis	#16,	&0x0182	;#0x0010
    45f8:	3a 41       	pop	r10		
    45fa:	3b 41       	pop	r11		
    45fc:	30 41       	ret			

000045fe <SchedulerBasicP__TaskBasic__postTask>:
    45fe:	0b 12       	push	r11		
    4600:	4b 4f       	mov.b	r15,	r11	
    4602:	b0 12 46 44 	call	#0x4446	
    4606:	4e 4b       	mov.b	r11,	r14	
    4608:	fe 93 06 11 	cmp.b	#-1,	4358(r14);r3 As==11, 0x1106(r14)
    460c:	06 20       	jnz	$+14     	;abs 0x461a
    460e:	1e 43       	mov	#1,	r14	;r3 As==01
    4610:	c2 9b 25 11 	cmp.b	r11,	&0x1125	
    4614:	03 24       	jz	$+8      	;abs 0x461c
    4616:	0e 43       	clr	r14		
    4618:	01 3c       	jmp	$+4      	;abs 0x461c
    461a:	1e 43       	mov	#1,	r14	;r3 As==01
    461c:	0e 93       	tst	r14		
    461e:	0e 20       	jnz	$+30     	;abs 0x463c
    4620:	f2 93 24 11 	cmp.b	#-1,	&0x1124	;r3 As==11
    4624:	03 20       	jnz	$+8      	;abs 0x462c
    4626:	c2 4b 24 11 	mov.b	r11,	&0x1124	
    462a:	04 3c       	jmp	$+10     	;abs 0x4634
    462c:	5e 42 25 11 	mov.b	&0x1125,r14	
    4630:	ce 4b 06 11 	mov.b	r11,	4358(r14);0x1106(r14)
    4634:	c2 4b 25 11 	mov.b	r11,	&0x1125	
    4638:	4b 43       	clr.b	r11		
    463a:	02 3c       	jmp	$+6      	;abs 0x4640
    463c:	7b 40 05 00 	mov.b	#5,	r11	;#0x0005
    4640:	b0 12 58 44 	call	#0x4458	
    4644:	4f 4b       	mov.b	r11,	r15	
    4646:	3b 41       	pop	r11		
    4648:	30 41       	ret			

0000464a <VirtualizeTimerC__0__fireTimers>:
    464a:	0b 12       	push	r11		
    464c:	0a 12       	push	r10		
    464e:	09 12       	push	r9		
    4650:	59 42 1e 11 	mov.b	&0x111e,r9	
    4654:	69 b3       	bit.b	#2,	r9	;r3 As==10
    4656:	30 24       	jz	$+98     	;abs 0x46b8
    4658:	1a 42 16 11 	mov	&0x1116,r10	
    465c:	1b 42 18 11 	mov	&0x1118,r11	
    4660:	1c 42 1a 11 	mov	&0x111a,r12	
    4664:	1d 42 1c 11 	mov	&0x111c,r13	
    4668:	0e 8a       	sub	r10,	r14	
    466a:	0f 7b       	subc	r11,	r15	
    466c:	0f 9d       	cmp	r13,	r15	
    466e:	24 28       	jnc	$+74     	;abs 0x46b8
    4670:	02 20       	jnz	$+6      	;abs 0x4676
    4672:	0e 9c       	cmp	r12,	r14	
    4674:	21 28       	jnc	$+68     	;abs 0x46b8
    4676:	59 b3       	bit.b	#1,	r9	;r3 As==01
    4678:	05 24       	jz	$+12     	;abs 0x4684
    467a:	79 f0 fd ff 	and.b	#-3,	r9	;#0xfffd
    467e:	c2 49 1e 11 	mov.b	r9,	&0x111e	
    4682:	08 3c       	jmp	$+18     	;abs 0x4694
    4684:	0e 4c       	mov	r12,	r14	
    4686:	0f 4d       	mov	r13,	r15	
    4688:	0e 5a       	add	r10,	r14	
    468a:	0f 6b       	addc	r11,	r15	
    468c:	82 4e 16 11 	mov	r14,	&0x1116	
    4690:	82 4f 18 11 	mov	r15,	&0x1118	
    4694:	82 93 02 11 	tst	&0x1102	
    4698:	07 24       	jz	$+16     	;abs 0x46a8
    469a:	82 43 02 11 	mov	#0,	&0x1102	;r3 As==00
    469e:	5f 42 31 00 	mov.b	&0x0031,r15	
    46a2:	7f f0 bf ff 	and.b	#-65,	r15	;#0xffbf
    46a6:	06 3c       	jmp	$+14     	;abs 0x46b4
    46a8:	92 43 02 11 	mov	#1,	&0x1102	;r3 As==01
    46ac:	5f 42 31 00 	mov.b	&0x0031,r15	
    46b0:	7f d0 40 00 	bis.b	#64,	r15	;#0x0040
    46b4:	c2 4f 31 00 	mov.b	r15,	&0x0031	
    46b8:	5f 43       	mov.b	#1,	r15	;r3 As==01
    46ba:	b0 12 fe 45 	call	#0x45fe	
    46be:	39 41       	pop	r9		
    46c0:	3a 41       	pop	r10		
    46c2:	3b 41       	pop	r11		
    46c4:	30 41       	ret			

000046c6 <Msp430TimerP__1__Event__fired>:
    46c6:	7f 92       	cmp.b	#8,	r15	;r2 As==11
    46c8:	50 2c       	jc	$+162    	;abs 0x476a
    46ca:	4f 4f       	mov.b	r15,	r15	
    46cc:	0f 5f       	rla	r15		
    46ce:	10 4f 12 49 	br	18706(r15)	;0x4912(r15)
    46d2:	1f 42 82 01 	mov	&0x0182,r15	
    46d6:	8f 10       	swpb	r15		
    46d8:	5f f3       	and.b	#1,	r15	;r3 As==01
    46da:	03 24       	jz	$+8      	;abs 0x46e2
    46dc:	1f 42 92 01 	mov	&0x0192,r15	
    46e0:	30 41       	ret			
    46e2:	b2 f0 ef ff 82 01 	and	#-17,	&0x0182	;#0xffef
    46e8:	82 93 0a 11 	tst	&0x110a	
    46ec:	07 20       	jnz	$+16     	;abs 0x46fc
    46ee:	82 93 0c 11 	tst	&0x110c	
    46f2:	04 20       	jnz	$+10     	;abs 0x46fc
    46f4:	4f 43       	clr.b	r15		
    46f6:	b0 12 fe 45 	call	#0x45fe	
    46fa:	30 41       	ret			
    46fc:	b0 12 ec 44 	call	#0x44ec	
    4700:	30 41       	ret			
    4702:	1f 42 84 01 	mov	&0x0184,r15	
    4706:	8f 10       	swpb	r15		
    4708:	5f f3       	and.b	#1,	r15	;r3 As==01
    470a:	2f 24       	jz	$+96     	;abs 0x476a
    470c:	1f 42 94 01 	mov	&0x0194,r15	
    4710:	30 41       	ret			
    4712:	1f 42 86 01 	mov	&0x0186,r15	
    4716:	8f 10       	swpb	r15		
    4718:	5f f3       	and.b	#1,	r15	;r3 As==01
    471a:	27 24       	jz	$+80     	;abs 0x476a
    471c:	1f 42 96 01 	mov	&0x0196,r15	
    4720:	30 41       	ret			
    4722:	1f 42 88 01 	mov	&0x0188,r15	
    4726:	8f 10       	swpb	r15		
    4728:	5f f3       	and.b	#1,	r15	;r3 As==01
    472a:	1f 24       	jz	$+64     	;abs 0x476a
    472c:	1f 42 98 01 	mov	&0x0198,r15	
    4730:	30 41       	ret			
    4732:	1f 42 8a 01 	mov	&0x018a,r15	
    4736:	8f 10       	swpb	r15		
    4738:	5f f3       	and.b	#1,	r15	;r3 As==01
    473a:	17 24       	jz	$+48     	;abs 0x476a
    473c:	1f 42 9a 01 	mov	&0x019a,r15	
    4740:	30 41       	ret			
    4742:	1f 42 8c 01 	mov	&0x018c,r15	
    4746:	8f 10       	swpb	r15		
    4748:	5f f3       	and.b	#1,	r15	;r3 As==01
    474a:	0f 24       	jz	$+32     	;abs 0x476a
    474c:	1f 42 9c 01 	mov	&0x019c,r15	
    4750:	30 41       	ret			
    4752:	1f 42 8e 01 	mov	&0x018e,r15	
    4756:	8f 10       	swpb	r15		
    4758:	5f f3       	and.b	#1,	r15	;r3 As==01
    475a:	07 24       	jz	$+16     	;abs 0x476a
    475c:	1f 42 9e 01 	mov	&0x019e,r15	
    4760:	30 41       	ret			
    4762:	92 53 12 11 	inc	&0x1112	
    4766:	82 63 14 11 	adc	&0x1114	
    476a:	30 41       	ret			

0000476c <SchedulerBasicP__TaskBasic__runTask>:
    476c:	0b 12       	push	r11		
    476e:	0a 12       	push	r10		
    4770:	09 12       	push	r9		
    4772:	08 12       	push	r8		
    4774:	21 83       	decd	r1		
    4776:	4f 93       	tst.b	r15		
    4778:	03 24       	jz	$+8      	;abs 0x4780
    477a:	5f 93       	cmp.b	#1,	r15	;r3 As==01
    477c:	70 20       	jnz	$+226    	;abs 0x485e
    477e:	2d 3c       	jmp	$+92     	;abs 0x47da
    4780:	c2 93 08 11 	tst.b	&0x1108	
    4784:	27 20       	jnz	$+80     	;abs 0x47d4
    4786:	1a 42 20 11 	mov	&0x1120,r10	
    478a:	1b 42 22 11 	mov	&0x1122,r11	
    478e:	b0 12 46 44 	call	#0x4446	
    4792:	18 42 0a 11 	mov	&0x110a,r8	
    4796:	19 42 0c 11 	mov	&0x110c,r9	
    479a:	18 52 0e 11 	add	&0x110e,r8	
    479e:	19 62 10 11 	addc	&0x1110,r9	
    47a2:	b0 12 58 44 	call	#0x4458	
    47a6:	82 4a 20 11 	mov	r10,	&0x1120	
    47aa:	82 4b 22 11 	mov	r11,	&0x1122	
    47ae:	c2 43 08 11 	mov.b	#0,	&0x1108	;r3 As==00
    47b2:	b0 12 46 44 	call	#0x4446	
    47b6:	82 48 0e 11 	mov	r8,	&0x110e	
    47ba:	82 49 10 11 	mov	r9,	&0x1110	
    47be:	82 4a 0a 11 	mov	r10,	&0x110a	
    47c2:	82 4b 0c 11 	mov	r11,	&0x110c	
    47c6:	81 4f 00 00 	mov	r15,	0(r1)	;0x0000(r1)
    47ca:	b0 12 ec 44 	call	#0x44ec	
    47ce:	2f 41       	mov	@r1,	r15	
    47d0:	b0 12 58 44 	call	#0x4458	
    47d4:	b0 12 60 44 	call	#0x4460	
    47d8:	21 3c       	jmp	$+68     	;abs 0x481c
    47da:	b0 12 60 44 	call	#0x4460	
    47de:	0a 4e       	mov	r14,	r10	
    47e0:	0b 4f       	mov	r15,	r11	
    47e2:	b2 f0 ef ff 82 01 	and	#-17,	&0x0182	;#0xffef
    47e8:	e2 b3 1e 11 	bit.b	#2,	&0x111e	;r3 As==10
    47ec:	38 24       	jz	$+114    	;abs 0x485e
    47ee:	08 4e       	mov	r14,	r8	
    47f0:	09 4f       	mov	r15,	r9	
    47f2:	18 82 16 11 	sub	&0x1116,r8	
    47f6:	19 72 18 11 	subc	&0x1118,r9	
    47fa:	1e 42 1a 11 	mov	&0x111a,r14	
    47fe:	1f 42 1c 11 	mov	&0x111c,r15	
    4802:	0e 88       	sub	r8,	r14	
    4804:	0f 79       	subc	r9,	r15	
    4806:	08 4e       	mov	r14,	r8	
    4808:	09 4f       	mov	r15,	r9	
    480a:	0f 49       	mov	r9,	r15	
    480c:	3e 93       	cmp	#-1,	r14	;r3 As==11
    480e:	21 20       	jnz	$+68     	;abs 0x4852
    4810:	39 90 ff 7f 	cmp	#32767,	r9	;#0x7fff
    4814:	1e 20       	jnz	$+62     	;abs 0x4852
    4816:	23 3c       	jmp	$+72     	;abs 0x485e
    4818:	0e 4a       	mov	r10,	r14	
    481a:	0f 4b       	mov	r11,	r15	
    481c:	b0 12 4a 46 	call	#0x464a	
    4820:	1e 3c       	jmp	$+62     	;abs 0x485e
    4822:	82 48 20 11 	mov	r8,	&0x1120	
    4826:	82 49 22 11 	mov	r9,	&0x1122	
    482a:	d2 43 08 11 	mov.b	#1,	&0x1108	;r3 As==01
    482e:	b0 12 46 44 	call	#0x4446	
    4832:	82 4a 0e 11 	mov	r10,	&0x110e	
    4836:	82 4b 10 11 	mov	r11,	&0x1110	
    483a:	82 48 0a 11 	mov	r8,	&0x110a	
    483e:	82 49 0c 11 	mov	r9,	&0x110c	
    4842:	81 4f 00 00 	mov	r15,	0(r1)	;0x0000(r1)
    4846:	b0 12 ec 44 	call	#0x44ec	
    484a:	2f 41       	mov	@r1,	r15	
    484c:	b0 12 58 44 	call	#0x4458	
    4850:	06 3c       	jmp	$+14     	;abs 0x485e
    4852:	0f 93       	tst	r15		
    4854:	e1 3b       	jl	$-60     	;abs 0x4818
    4856:	e5 23       	jnz	$-52     	;abs 0x4822
    4858:	1e 93       	cmp	#1,	r14	;r3 As==01
    485a:	de 2b       	jnc	$-66     	;abs 0x4818
    485c:	e2 3f       	jmp	$-58     	;abs 0x4822
    485e:	21 53       	incd	r1		
    4860:	38 41       	pop	r8		
    4862:	39 41       	pop	r9		
    4864:	3a 41       	pop	r10		
    4866:	3b 41       	pop	r11		
    4868:	30 41       	ret			

0000486a <RealMainP__Scheduler__runNextTask>:
    486a:	f2 93 24 11 	cmp.b	#-1,	&0x1124	;r3 As==11
    486e:	08 24       	jz	$+18     	;abs 0x4880
    4870:	b0 12 ec 43 	call	#0x43ec	
    4874:	7f 93       	cmp.b	#-1,	r15	;r3 As==11
    4876:	06 24       	jz	$+14     	;abs 0x4884
    4878:	b0 12 6c 47 	call	#0x476c	
    487c:	5f 43       	mov.b	#1,	r15	;r3 As==01
    487e:	30 41       	ret			
    4880:	4f 43       	clr.b	r15		
    4882:	30 41       	ret			
    4884:	4f 43       	clr.b	r15		
    4886:	30 41       	ret			

00004888 <sig_TIMERA0_VECTOR>:
    4888:	0f 12       	push	r15		
    488a:	0e 12       	push	r14		
    488c:	0d 12       	push	r13		
    488e:	0c 12       	push	r12		
    4890:	4f 43       	clr.b	r15		
    4892:	b0 12 0a 44 	call	#0x440a	
    4896:	3c 41       	pop	r12		
    4898:	3d 41       	pop	r13		
    489a:	3e 41       	pop	r14		
    489c:	3f 41       	pop	r15		
    489e:	b1 c0 f0 00 00 00 	bic	#240,	0(r1)	;#0x00f0, 0x0000(r1)
    48a4:	00 13       	reti			

000048a6 <sig_TIMERA1_VECTOR>:
    48a6:	0f 12       	push	r15		
    48a8:	0e 12       	push	r14		
    48aa:	0d 12       	push	r13		
    48ac:	0c 12       	push	r12		
    48ae:	1f 42 2e 01 	mov	&0x012e,r15	
    48b2:	4f 4f       	mov.b	r15,	r15	
    48b4:	12 c3       	clrc			
    48b6:	4f 10       	rrc.b	r15		
    48b8:	b0 12 0a 44 	call	#0x440a	
    48bc:	3c 41       	pop	r12		
    48be:	3d 41       	pop	r13		
    48c0:	3e 41       	pop	r14		
    48c2:	3f 41       	pop	r15		
    48c4:	b1 c0 f0 00 00 00 	bic	#240,	0(r1)	;#0x00f0, 0x0000(r1)
    48ca:	00 13       	reti			

000048cc <sig_TIMERB0_VECTOR>:
    48cc:	0f 12       	push	r15		
    48ce:	0e 12       	push	r14		
    48d0:	0d 12       	push	r13		
    48d2:	0c 12       	push	r12		
    48d4:	4f 43       	clr.b	r15		
    48d6:	b0 12 c6 46 	call	#0x46c6	
    48da:	3c 41       	pop	r12		
    48dc:	3d 41       	pop	r13		
    48de:	3e 41       	pop	r14		
    48e0:	3f 41       	pop	r15		
    48e2:	b1 c0 f0 00 00 00 	bic	#240,	0(r1)	;#0x00f0, 0x0000(r1)
    48e8:	00 13       	reti			

000048ea <sig_TIMERB1_VECTOR>:
    48ea:	0f 12       	push	r15		
    48ec:	0e 12       	push	r14		
    48ee:	0d 12       	push	r13		
    48f0:	0c 12       	push	r12		
    48f2:	1f 42 1e 01 	mov	&0x011e,r15	
    48f6:	4f 4f       	mov.b	r15,	r15	
    48f8:	12 c3       	clrc			
    48fa:	4f 10       	rrc.b	r15		
    48fc:	b0 12 c6 46 	call	#0x46c6	
    4900:	3c 41       	pop	r12		
    4902:	3d 41       	pop	r13		
    4904:	3e 41       	pop	r14		
    4906:	3f 41       	pop	r15		
    4908:	b1 c0 f0 00 00 00 	bic	#240,	0(r1)	;#0x00f0, 0x0000(r1)
    490e:	00 13       	reti			

00004910 <_unexpected_>:
    4910:	00 13       	reti			

Disassembly of section .vectors:

0000ffe0 <__ivtbl_16>:
    ffe0:	c4 43 c4 43 c4 43 c4 43 c4 43 a6 48 88 48 c4 43     .C.C.C.C.C.H.H.C
    fff0:	c4 43 c4 43 c4 43 c4 43 ea 48 cc 48 c4 43 00 40     .C.C.C.C.H.H.C.@
