
build/telosb/main.exe:     file format elf32-msp430


Disassembly of section .text:

00004000 <__watchdog_support>:
    4000:	55 42 20 01 	mov.b	&0x0120,r5	
    4004:	35 d0 08 5a 	bis	#23048,	r5	;#0x5a08
    4008:	82 45 28 11 	mov	r5,	&0x1128	

0000400c <__init_stack>:
    400c:	31 40 00 39 	mov	#14592,	r1	;#0x3900

00004010 <__do_copy_data>:
    4010:	3f 40 02 00 	mov	#2,	r15	;#0x0002
    4014:	0f 93       	tst	r15		
    4016:	08 24       	jz	$+18     	;abs 0x4028
    4018:	92 42 28 11 20 01 	mov	&0x1128,&0x0120	
    401e:	2f 83       	decd	r15		
    4020:	9f 4f e8 49 00 11 	mov	18920(r15),4352(r15);0x49e8(r15), 0x1100(r15)
    4026:	f8 23       	jnz	$-14     	;abs 0x4018

00004028 <__do_clear_bss>:
    4028:	3f 40 26 00 	mov	#38,	r15	;#0x0026
    402c:	0f 93       	tst	r15		
    402e:	07 24       	jz	$+16     	;abs 0x403e
    4030:	92 42 28 11 20 01 	mov	&0x1128,&0x0120	
    4036:	1f 83       	dec	r15		
    4038:	cf 43 02 11 	mov.b	#0,	4354(r15);r3 As==00, 0x1102(r15)
    403c:	f9 23       	jnz	$-12     	;abs 0x4030

0000403e <main>:
    403e:	21 83       	decd	r1		
    4040:	b0 12 64 44 	call	#0x4464	
    4044:	47 4f       	mov.b	r15,	r7	
    4046:	f2 43 08 11 	mov.b	#-1,	&0x1108	;r3 As==11
    404a:	f2 43 09 11 	mov.b	#-1,	&0x1109	;r3 As==11
    404e:	f2 43 26 11 	mov.b	#-1,	&0x1126	;r3 As==11
    4052:	f2 43 27 11 	mov.b	#-1,	&0x1127	;r3 As==11
    4056:	b2 40 80 5a 20 01 	mov	#23168,	&0x0120	;#0x5a80
    405c:	a2 42 60 01 	mov	#4,	&0x0160	;r2 As==10
    4060:	82 43 2e 01 	mov	#0,	&0x012e	;r3 As==00
    4064:	a2 42 80 01 	mov	#4,	&0x0180	;r2 As==10
    4068:	82 43 1e 01 	mov	#0,	&0x011e	;r3 As==00
    406c:	b2 40 20 02 60 01 	mov	#544,	&0x0160	;#0x0220
    4072:	b2 40 20 01 80 01 	mov	#288,	&0x0180	;#0x0120
    4078:	f2 40 84 ff 57 00 	mov.b	#-124,	&0x0057	;#0xff84
    407e:	c2 43 58 00 	mov.b	#0,	&0x0058	;r3 As==00
    4082:	b2 40 00 40 82 01 	mov	#16384,	&0x0182	;#0x4000
    4088:	3b 40 0c 00 	mov	#12,	r11	;#0x000c
    408c:	3d 40 00 08 	mov	#2048,	r13	;#0x0800
    4090:	0e 43       	clr	r14		
    4092:	0c 4d       	mov	r13,	r12	
    4094:	0c de       	bis	r14,	r12	
    4096:	59 42 57 00 	mov.b	&0x0057,r9	
    409a:	0a 4c       	mov	r12,	r10	
    409c:	8a 10       	swpb	r10		
    409e:	7a f0 07 00 	and.b	#7,	r10	;#0x0007
    40a2:	79 f0 f8 ff 	and.b	#-8,	r9	;#0xfff8
    40a6:	4a d9       	bis.b	r9,	r10	
    40a8:	c2 4a 57 00 	mov.b	r10,	&0x0057	
    40ac:	c2 4c 56 00 	mov.b	r12,	&0x0056	
    40b0:	79 40 03 00 	mov.b	#3,	r9	;#0x0003
    40b4:	0a 43       	clr	r10		
    40b6:	08 43       	clr	r8		
    40b8:	0f 3c       	jmp	$+32     	;abs 0x40d8
    40ba:	18 42 90 01 	mov	&0x0190,r8	
    40be:	38 52       	add	#8,	r8	;r2 As==11
    40c0:	82 48 92 01 	mov	r8,	&0x0192	
    40c4:	b2 f0 fe ff 82 01 	and	#-2,	&0x0182	;#0xfffe
    40ca:	92 b3 82 01 	bit	#1,	&0x0182	;r3 As==01
    40ce:	fd 27       	jz	$-4      	;abs 0x40ca
    40d0:	1f 42 70 01 	mov	&0x0170,r15	
    40d4:	08 4a       	mov	r10,	r8	
    40d6:	0a 4f       	mov	r15,	r10	
    40d8:	79 53       	add.b	#-1,	r9	;r3 As==11
    40da:	ef 23       	jnz	$-32     	;abs 0x40ba
    40dc:	0a 88       	sub	r8,	r10	
    40de:	3a 90 01 04 	cmp	#1025,	r10	;#0x0401
    40e2:	01 2c       	jc	$+4      	;abs 0x40e6
    40e4:	0e 4c       	mov	r12,	r14	
    40e6:	0d 11       	rra	r13		
    40e8:	3b 53       	add	#-1,	r11	;r3 As==11
    40ea:	d3 23       	jnz	$-88     	;abs 0x4092
    40ec:	0f 4e       	mov	r14,	r15	
    40ee:	3f f0 e0 00 	and	#224,	r15	;#0x00e0
    40f2:	3f 90 e0 00 	cmp	#224,	r15	;#0x00e0
    40f6:	02 20       	jnz	$+6      	;abs 0x40fc
    40f8:	3e f0 e0 ff 	and	#-32,	r14	;#0xffe0
    40fc:	5c 42 57 00 	mov.b	&0x0057,r12	
    4100:	0d 4e       	mov	r14,	r13	
    4102:	8d 10       	swpb	r13		
    4104:	7d f0 07 00 	and.b	#7,	r13	;#0x0007
    4108:	7c f0 f8 ff 	and.b	#-8,	r12	;#0xfff8
    410c:	4d dc       	bis.b	r12,	r13	
    410e:	c2 4d 57 00 	mov.b	r13,	&0x0057	
    4112:	c2 4e 56 00 	mov.b	r14,	&0x0056	
    4116:	5e 42 57 00 	mov.b	&0x0057,r14	
    411a:	7e f0 07 00 	and.b	#7,	r14	;#0x0007
    411e:	7e d0 80 ff 	bis.b	#-128,	r14	;#0xff80
    4122:	c2 4e 57 00 	mov.b	r14,	&0x0057	
    4126:	e2 42 58 00 	mov.b	#4,	&0x0058	;r2 As==10
    412a:	f2 f0 fd ff 00 00 	and.b	#-3,	&0x0000	;#0xfffd
    4130:	82 43 70 01 	mov	#0,	&0x0170	;r3 As==00
    4134:	b2 40 02 02 60 01 	mov	#514,	&0x0160	;#0x0202
    413a:	82 43 90 01 	mov	#0,	&0x0190	;r3 As==00
    413e:	b2 40 02 01 80 01 	mov	#258,	&0x0180	;#0x0102
    4144:	1e 42 60 01 	mov	&0x0160,r14	
    4148:	3e f0 cf ff 	and	#-49,	r14	;#0xffcf
    414c:	3e d0 20 00 	bis	#32,	r14	;#0x0020
    4150:	82 4e 60 01 	mov	r14,	&0x0160	
    4154:	1e 42 80 01 	mov	&0x0180,r14	
    4158:	3e f0 cf ff 	and	#-49,	r14	;#0xffcf
    415c:	3e d0 20 00 	bis	#32,	r14	;#0x0020
    4160:	82 4e 80 01 	mov	r14,	&0x0180	
    4164:	c2 43 26 00 	mov.b	#0,	&0x0026	;r3 As==00
    4168:	c2 43 2e 00 	mov.b	#0,	&0x002e	;r3 As==00
    416c:	c2 43 1b 00 	mov.b	#0,	&0x001b	;r3 As==00
    4170:	c2 43 1f 00 	mov.b	#0,	&0x001f	;r3 As==00
    4174:	c2 43 33 00 	mov.b	#0,	&0x0033	;r3 As==00
    4178:	c2 43 37 00 	mov.b	#0,	&0x0037	;r3 As==00
    417c:	c2 43 21 00 	mov.b	#0,	&0x0021	;r3 As==00
    4180:	f2 40 e0 ff 22 00 	mov.b	#-32,	&0x0022	;#0xffe0
    4186:	f2 40 30 00 29 00 	mov.b	#48,	&0x0029	;#0x0030
    418c:	f2 40 7b 00 2a 00 	mov.b	#123,	&0x002a	;#0x007b
    4192:	c2 43 19 00 	mov.b	#0,	&0x0019	;r3 As==00
    4196:	f2 40 f1 ff 1a 00 	mov.b	#-15,	&0x001a	;#0xfff1
    419c:	f2 40 dd ff 1d 00 	mov.b	#-35,	&0x001d	;#0xffdd
    41a2:	f2 40 fd ff 1e 00 	mov.b	#-3,	&0x001e	;#0xfffd
    41a8:	f2 43 31 00 	mov.b	#-1,	&0x0031	;r3 As==11
    41ac:	f2 43 32 00 	mov.b	#-1,	&0x0032	;r3 As==11
    41b0:	c2 43 35 00 	mov.b	#0,	&0x0035	;r3 As==00
    41b4:	f2 43 36 00 	mov.b	#-1,	&0x0036	;r3 As==11
    41b8:	c2 43 25 00 	mov.b	#0,	&0x0025	;r3 As==00
    41bc:	c2 43 2d 00 	mov.b	#0,	&0x002d	;r3 As==00
    41c0:	1f 42 70 01 	mov	&0x0170,r15	
    41c4:	1e 42 70 01 	mov	&0x0170,r14	
    41c8:	0e 8f       	sub	r15,	r14	
    41ca:	3e 90 01 28 	cmp	#10241,	r14	;#0x2801
    41ce:	fa 2b       	jnc	$-10     	;abs 0x41c4
    41d0:	e2 d3 1a 00 	bis.b	#2,	&0x001a	;r3 As==10
    41d4:	f2 d2 1a 00 	bis.b	#8,	&0x001a	;r2 As==11
    41d8:	f2 d0 80 ff 1e 00 	bis.b	#-128,	&0x001e	;#0xff80
    41de:	f2 d0 10 00 1e 00 	bis.b	#16,	&0x001e	;#0x0010
    41e4:	f2 d0 80 ff 1d 00 	bis.b	#-128,	&0x001d	;#0xff80
    41ea:	f2 d0 10 00 1d 00 	bis.b	#16,	&0x001d	;#0x0010
    41f0:	03 43       	nop			
    41f2:	03 43       	nop			
    41f4:	f2 f0 ef ff 1d 00 	and.b	#-17,	&0x001d	;#0xffef
    41fa:	f2 f0 f7 ff 19 00 	and.b	#-9,	&0x0019	;#0xfff7
    4200:	5f 43       	mov.b	#1,	r15	;r3 As==01
    4202:	b0 12 e6 43 	call	#0x43e6	
    4206:	4f 43       	clr.b	r15		
    4208:	b0 12 e6 43 	call	#0x43e6	
    420c:	5f 43       	mov.b	#1,	r15	;r3 As==01
    420e:	b0 12 e6 43 	call	#0x43e6	
    4212:	5f 43       	mov.b	#1,	r15	;r3 As==01
    4214:	b0 12 e6 43 	call	#0x43e6	
    4218:	5f 43       	mov.b	#1,	r15	;r3 As==01
    421a:	b0 12 e6 43 	call	#0x43e6	
    421e:	4f 43       	clr.b	r15		
    4220:	b0 12 e6 43 	call	#0x43e6	
    4224:	4f 43       	clr.b	r15		
    4226:	b0 12 e6 43 	call	#0x43e6	
    422a:	5f 43       	mov.b	#1,	r15	;r3 As==01
    422c:	b0 12 e6 43 	call	#0x43e6	
    4230:	f2 d0 10 00 1d 00 	bis.b	#16,	&0x001d	;#0x0010
    4236:	f2 d2 19 00 	bis.b	#8,	&0x0019	;r2 As==11
    423a:	e2 d3 19 00 	bis.b	#2,	&0x0019	;r3 As==10
    423e:	f2 d0 10 00 32 00 	bis.b	#16,	&0x0032	;#0x0010
    4244:	f2 d0 20 00 32 00 	bis.b	#32,	&0x0032	;#0x0020
    424a:	f2 d0 40 00 32 00 	bis.b	#64,	&0x0032	;#0x0040
    4250:	b0 12 7e 44 	call	#0x447e	
    4254:	b0 12 8e 44 	call	#0x448e	
    4258:	b0 12 9e 44 	call	#0x449e	
    425c:	b0 12 24 49 	call	#0x4924	
    4260:	4f 93       	tst.b	r15		
    4262:	fc 23       	jnz	$-6      	;abs 0x425c
    4264:	b2 f0 ef ff 82 01 	and	#-17,	&0x0182	;#0xffef
    426a:	b2 40 00 40 82 01 	mov	#16384,	&0x0182	;#0x4000
    4270:	b0 12 24 49 	call	#0x4924	
    4274:	4f 93       	tst.b	r15		
    4276:	fc 23       	jnz	$-6      	;abs 0x4270
    4278:	4f 47       	mov.b	r7,	r15	
    427a:	b0 12 76 44 	call	#0x4476	
    427e:	32 d2       	eint			
    4280:	b0 12 ae 44 	call	#0x44ae	
    4284:	82 4e 18 11 	mov	r14,	&0x1118	
    4288:	82 4f 1a 11 	mov	r15,	&0x111a	
    428c:	b2 40 e8 03 1c 11 	mov	#1000,	&0x111c	;#0x03e8
    4292:	82 43 1e 11 	mov	#0,	&0x111e	;r3 As==00
    4296:	5f 42 20 11 	mov.b	&0x1120,r15	
    429a:	7f f0 fe ff 	and.b	#-2,	r15	;#0xfffe
    429e:	6f d3       	bis.b	#2,	r15	;r3 As==10
    42a0:	c2 4f 20 11 	mov.b	r15,	&0x1120	
    42a4:	5f 43       	mov.b	#1,	r15	;r3 As==01
    42a6:	b0 12 4c 46 	call	#0x464c	
    42aa:	b0 12 64 44 	call	#0x4464	
    42ae:	4a 4f       	mov.b	r15,	r10	
    42b0:	86 3c       	jmp	$+270    	;abs 0x43be
    42b2:	c2 93 00 11 	tst.b	&0x1100	
    42b6:	77 24       	jz	$+240    	;abs 0x43a6
    42b8:	b2 b0 10 00 62 01 	bit	#16,	&0x0162	;#0x0010
    42be:	08 20       	jnz	$+18     	;abs 0x42d0
    42c0:	b2 b0 10 00 64 01 	bit	#16,	&0x0164	;#0x0010
    42c6:	04 20       	jnz	$+10     	;abs 0x42d0
    42c8:	b2 b0 10 00 66 01 	bit	#16,	&0x0166	;#0x0010
    42ce:	07 24       	jz	$+16     	;abs 0x42de
    42d0:	1e 42 60 01 	mov	&0x0160,r14	
    42d4:	3e f0 00 03 	and	#768,	r14	;#0x0300
    42d8:	3e 90 00 02 	cmp	#512,	r14	;#0x0200
    42dc:	2e 24       	jz	$+94     	;abs 0x433a
    42de:	5f 42 04 00 	mov.b	&0x0004,r15	
    42e2:	3f b0 c0 00 	bit	#192,	r15	;#0x00c0
    42e6:	05 24       	jz	$+12     	;abs 0x42f2
    42e8:	5f 42 71 00 	mov.b	&0x0071,r15	
    42ec:	3f f0 20 00 	and	#32,	r15	;#0x0020
    42f0:	26 20       	jnz	$+78     	;abs 0x433e
    42f2:	5f 42 05 00 	mov.b	&0x0005,r15	
    42f6:	3f b0 30 00 	bit	#48,	r15	;#0x0030
    42fa:	05 24       	jz	$+12     	;abs 0x4306
    42fc:	5f 42 79 00 	mov.b	&0x0079,r15	
    4300:	3f f0 20 00 	and	#32,	r15	;#0x0020
    4304:	1e 20       	jnz	$+62     	;abs 0x4342
    4306:	5f 42 70 00 	mov.b	&0x0070,r15	
    430a:	1f f3       	and	#1,	r15	;r3 As==01
    430c:	1c 24       	jz	$+58     	;abs 0x4346
    430e:	5f 42 71 00 	mov.b	&0x0071,r15	
    4312:	3f f0 20 00 	and	#32,	r15	;#0x0020
    4316:	1a 24       	jz	$+54     	;abs 0x434c
    4318:	5f 42 72 00 	mov.b	&0x0072,r15	
    431c:	3f f0 20 00 	and	#32,	r15	;#0x0020
    4320:	18 24       	jz	$+50     	;abs 0x4352
    4322:	5f 42 70 00 	mov.b	&0x0070,r15	
    4326:	2f f2       	and	#4,	r15	;r2 As==10
    4328:	17 24       	jz	$+48     	;abs 0x4358
    432a:	5f 42 70 00 	mov.b	&0x0070,r15	
    432e:	3f f0 20 00 	and	#32,	r15	;#0x0020
    4332:	15 20       	jnz	$+44     	;abs 0x435e
    4334:	7e 40 05 00 	mov.b	#5,	r14	;#0x0005
    4338:	13 3c       	jmp	$+40     	;abs 0x4360
    433a:	6e 43       	mov.b	#2,	r14	;r3 As==10
    433c:	11 3c       	jmp	$+36     	;abs 0x4360
    433e:	6e 43       	mov.b	#2,	r14	;r3 As==10
    4340:	0f 3c       	jmp	$+32     	;abs 0x4360
    4342:	6e 43       	mov.b	#2,	r14	;r3 As==10
    4344:	0d 3c       	jmp	$+28     	;abs 0x4360
    4346:	7e 40 05 00 	mov.b	#5,	r14	;#0x0005
    434a:	0a 3c       	jmp	$+22     	;abs 0x4360
    434c:	7e 40 05 00 	mov.b	#5,	r14	;#0x0005
    4350:	07 3c       	jmp	$+16     	;abs 0x4360
    4352:	7e 40 05 00 	mov.b	#5,	r14	;#0x0005
    4356:	04 3c       	jmp	$+10     	;abs 0x4360
    4358:	7e 40 05 00 	mov.b	#5,	r14	;#0x0005
    435c:	01 3c       	jmp	$+4      	;abs 0x4360
    435e:	6e 43       	mov.b	#2,	r14	;r3 As==10
    4360:	b2 b0 10 00 a0 01 	bit	#16,	&0x01a0	;#0x0010
    4366:	19 24       	jz	$+52     	;abs 0x439a
    4368:	b2 b0 10 00 a2 01 	bit	#16,	&0x01a2	;#0x0010
    436e:	05 24       	jz	$+12     	;abs 0x437a
    4370:	b2 b2 a2 01 	bit	#8,	&0x01a2	;r2 As==11
    4374:	0f 24       	jz	$+32     	;abs 0x4394
    4376:	6e 43       	mov.b	#2,	r14	;r3 As==10
    4378:	10 3c       	jmp	$+34     	;abs 0x439a
    437a:	1f 42 a2 01 	mov	&0x01a2,r15	
    437e:	3f b0 00 04 	bit	#1024,	r15	;#0x0400
    4382:	0b 24       	jz	$+24     	;abs 0x439a
    4384:	1d 42 60 01 	mov	&0x0160,r13	
    4388:	3d f0 00 03 	and	#768,	r13	;#0x0300
    438c:	3d 90 00 02 	cmp	#512,	r13	;#0x0200
    4390:	04 20       	jnz	$+10     	;abs 0x439a
    4392:	02 3c       	jmp	$+6      	;abs 0x4398
    4394:	4e 43       	clr.b	r14		
    4396:	01 3c       	jmp	$+4      	;abs 0x439a
    4398:	6e 43       	mov.b	#2,	r14	;r3 As==10
    439a:	7e 90 05 00 	cmp.b	#5,	r14	;#0x0005
    439e:	01 28       	jnc	$+4      	;abs 0x43a2
    43a0:	6e 42       	mov.b	#4,	r14	;r2 As==10
    43a2:	c2 4e 06 11 	mov.b	r14,	&0x1106	
    43a6:	5e 42 06 11 	mov.b	&0x1106,r14	
    43aa:	0e 5e       	rla	r14		
    43ac:	1e 4e dc 49 	mov	18908(r14),r14	;0x49dc(r14)
    43b0:	3e d2       	bis	#8,	r14	;r2 As==11
    43b2:	81 4e 00 00 	mov	r14,	0(r1)	;0x0000(r1)
    43b6:	22 d1       	bis	@r1,	r2	
    43b8:	32 c2       	dint			
    43ba:	03 43       	nop			
    43bc:	03 43       	nop			
    43be:	f2 93 26 11 	cmp.b	#-1,	&0x1126	;r3 As==11
    43c2:	77 27       	jz	$-272    	;abs 0x42b2
    43c4:	b0 12 0a 44 	call	#0x440a	
    43c8:	4b 4f       	mov.b	r15,	r11	
    43ca:	7f 93       	cmp.b	#-1,	r15	;r3 As==11
    43cc:	72 27       	jz	$-282    	;abs 0x42b2
    43ce:	4f 4a       	mov.b	r10,	r15	
    43d0:	b0 12 76 44 	call	#0x4476	
    43d4:	4f 4b       	mov.b	r11,	r15	
    43d6:	b0 12 26 48 	call	#0x4826	
    43da:	67 3f       	jmp	$-304    	;abs 0x42aa

000043dc <__stop_progExec__>:
    43dc:	32 d0 f0 00 	bis	#240,	r2	;#0x00f0
    43e0:	fd 3f       	jmp	$-4      	;abs 0x43dc

000043e2 <__ctors_end>:
    43e2:	30 40 ca 49 	br	#0x49ca	

000043e6 <MotePlatformC__TOSH_FLASH_M25P_DP_bit>:
    43e6:	4f 93       	tst.b	r15		
    43e8:	04 24       	jz	$+10     	;abs 0x43f2
    43ea:	5f 42 19 00 	mov.b	&0x0019,r15	
    43ee:	6f d3       	bis.b	#2,	r15	;r3 As==10
    43f0:	04 3c       	jmp	$+10     	;abs 0x43fa
    43f2:	5f 42 19 00 	mov.b	&0x0019,r15	
    43f6:	7f f0 fd ff 	and.b	#-3,	r15	;#0xfffd
    43fa:	c2 4f 19 00 	mov.b	r15,	&0x0019	
    43fe:	f2 d2 19 00 	bis.b	#8,	&0x0019	;r2 As==11
    4402:	f2 f0 f7 ff 19 00 	and.b	#-9,	&0x0019	;#0xfff7
    4408:	30 41       	ret			

0000440a <SchedulerBasicP__popTask.part.23>:
    440a:	5f 42 26 11 	mov.b	&0x1126,r15	
    440e:	4e 4f       	mov.b	r15,	r14	
    4410:	3e 50 08 11 	add	#4360,	r14	;#0x1108
    4414:	6d 4e       	mov.b	@r14,	r13	
    4416:	c2 4d 26 11 	mov.b	r13,	&0x1126	
    441a:	7d 93       	cmp.b	#-1,	r13	;r3 As==11
    441c:	02 20       	jnz	$+6      	;abs 0x4422
    441e:	f2 43 27 11 	mov.b	#-1,	&0x1127	;r3 As==11
    4422:	fe 43 00 00 	mov.b	#-1,	0(r14)	;r3 As==11, 0x0000(r14)
    4426:	30 41       	ret			

00004428 <Msp430TimerP__0__Event__fired>:
    4428:	5f 93       	cmp.b	#1,	r15	;r3 As==01
    442a:	0c 24       	jz	$+26     	;abs 0x4444
    442c:	03 28       	jnc	$+8      	;abs 0x4434
    442e:	6f 93       	cmp.b	#2,	r15	;r3 As==10
    4430:	18 20       	jnz	$+50     	;abs 0x4462
    4432:	10 3c       	jmp	$+34     	;abs 0x4454
    4434:	1f 42 62 01 	mov	&0x0162,r15	
    4438:	8f 10       	swpb	r15		
    443a:	5f f3       	and.b	#1,	r15	;r3 As==01
    443c:	12 24       	jz	$+38     	;abs 0x4462
    443e:	1f 42 72 01 	mov	&0x0172,r15	
    4442:	30 41       	ret			
    4444:	1f 42 64 01 	mov	&0x0164,r15	
    4448:	8f 10       	swpb	r15		
    444a:	5f f3       	and.b	#1,	r15	;r3 As==01
    444c:	0a 24       	jz	$+22     	;abs 0x4462
    444e:	1f 42 74 01 	mov	&0x0174,r15	
    4452:	30 41       	ret			
    4454:	1f 42 66 01 	mov	&0x0166,r15	
    4458:	8f 10       	swpb	r15		
    445a:	5f f3       	and.b	#1,	r15	;r3 As==01
    445c:	02 24       	jz	$+6      	;abs 0x4462
    445e:	1f 42 76 01 	mov	&0x0176,r15	
    4462:	30 41       	ret			

00004464 <__nesc_atomic_start>:
    4464:	0e 42       	mov	r2,	r14	
    4466:	32 c2       	dint			
    4468:	03 43       	nop			
    446a:	03 43       	nop			
    446c:	3e f2       	and	#8,	r14	;r2 As==11
    446e:	5f 43       	mov.b	#1,	r15	;r3 As==01
    4470:	01 20       	jnz	$+4      	;abs 0x4474
    4472:	4f 43       	clr.b	r15		
    4474:	30 41       	ret			

00004476 <__nesc_atomic_end>:
    4476:	4f 93       	tst.b	r15		
    4478:	01 24       	jz	$+4      	;abs 0x447c
    447a:	32 d2       	eint			
    447c:	30 41       	ret			

0000447e <LedsP__Led0__set>:
    447e:	b0 12 64 44 	call	#0x4464	
    4482:	f2 d0 10 00 31 00 	bis.b	#16,	&0x0031	;#0x0010
    4488:	b0 12 76 44 	call	#0x4476	
    448c:	30 41       	ret			

0000448e <LedsP__Led1__set>:
    448e:	b0 12 64 44 	call	#0x4464	
    4492:	f2 d0 20 00 31 00 	bis.b	#32,	&0x0031	;#0x0020
    4498:	b0 12 76 44 	call	#0x4476	
    449c:	30 41       	ret			

0000449e <LedsP__Led2__set>:
    449e:	b0 12 64 44 	call	#0x4464	
    44a2:	f2 d0 40 00 31 00 	bis.b	#64,	&0x0031	;#0x0040
    44a8:	b0 12 76 44 	call	#0x4476	
    44ac:	30 41       	ret			

000044ae <TransformAlarmC__0__Counter__get>:
    44ae:	0b 12       	push	r11		
    44b0:	0a 12       	push	r10		
    44b2:	09 12       	push	r9		
    44b4:	08 12       	push	r8		
    44b6:	b0 12 64 44 	call	#0x4464	
    44ba:	4c 4f       	mov.b	r15,	r12	
    44bc:	1a 42 14 11 	mov	&0x1114,r10	
    44c0:	1b 42 16 11 	mov	&0x1116,r11	
    44c4:	1d 42 90 01 	mov	&0x0190,r13	
    44c8:	01 3c       	jmp	$+4      	;abs 0x44cc
    44ca:	0d 4f       	mov	r15,	r13	
    44cc:	1f 42 90 01 	mov	&0x0190,r15	
    44d0:	0d 9f       	cmp	r15,	r13	
    44d2:	fb 23       	jnz	$-8      	;abs 0x44ca
    44d4:	1f 42 80 01 	mov	&0x0180,r15	
    44d8:	5f f3       	and.b	#1,	r15	;r3 As==01
    44da:	0a 24       	jz	$+22     	;abs 0x44f0
    44dc:	1a 53       	inc	r10		
    44de:	0b 63       	adc	r11		
    44e0:	1d 42 90 01 	mov	&0x0190,r13	
    44e4:	01 3c       	jmp	$+4      	;abs 0x44e8
    44e6:	0d 4f       	mov	r15,	r13	
    44e8:	1f 42 90 01 	mov	&0x0190,r15	
    44ec:	0d 9f       	cmp	r15,	r13	
    44ee:	fb 23       	jnz	$-8      	;abs 0x44e6
    44f0:	12 c3       	clrc			
    44f2:	0d 10       	rrc	r13		
    44f4:	12 c3       	clrc			
    44f6:	0d 10       	rrc	r13		
    44f8:	12 c3       	clrc			
    44fa:	0d 10       	rrc	r13		
    44fc:	12 c3       	clrc			
    44fe:	0d 10       	rrc	r13		
    4500:	12 c3       	clrc			
    4502:	0d 10       	rrc	r13		
    4504:	08 4d       	mov	r13,	r8	
    4506:	09 43       	clr	r9		
    4508:	0e 4a       	mov	r10,	r14	
    450a:	0f 4b       	mov	r11,	r15	
    450c:	4f ea       	xor.b	r10,	r15	
    450e:	0f ea       	xor	r10,	r15	
    4510:	8f 10       	swpb	r15		
    4512:	4e 4e       	mov.b	r14,	r14	
    4514:	8e 10       	swpb	r14		
    4516:	0e 5e       	rla	r14		
    4518:	0f 6f       	rlc	r15		
    451a:	0e 5e       	rla	r14		
    451c:	0f 6f       	rlc	r15		
    451e:	0e 5e       	rla	r14		
    4520:	0f 6f       	rlc	r15		
    4522:	08 de       	bis	r14,	r8	
    4524:	09 df       	bis	r15,	r9	
    4526:	4f 4c       	mov.b	r12,	r15	
    4528:	b0 12 76 44 	call	#0x4476	
    452c:	0e 48       	mov	r8,	r14	
    452e:	0f 49       	mov	r9,	r15	
    4530:	38 41       	pop	r8		
    4532:	39 41       	pop	r9		
    4534:	3a 41       	pop	r10		
    4536:	3b 41       	pop	r11		
    4538:	30 41       	ret			

0000453a <TransformAlarmC__0__set_alarm>:
    453a:	0b 12       	push	r11		
    453c:	0a 12       	push	r10		
    453e:	b0 12 ae 44 	call	#0x44ae	
    4542:	1c 42 10 11 	mov	&0x1110,r12	
    4546:	1d 42 12 11 	mov	&0x1112,r13	
    454a:	0a 4c       	mov	r12,	r10	
    454c:	0b 4d       	mov	r13,	r11	
    454e:	1a 52 0c 11 	add	&0x110c,r10	
    4552:	1b 62 0e 11 	addc	&0x110e,r11	
    4556:	0f 9d       	cmp	r13,	r15	
    4558:	09 28       	jnc	$+20     	;abs 0x456c
    455a:	02 20       	jnz	$+6      	;abs 0x4560
    455c:	0e 9c       	cmp	r12,	r14	
    455e:	06 28       	jnc	$+14     	;abs 0x456c
    4560:	0b 9d       	cmp	r13,	r11	
    4562:	10 28       	jnc	$+34     	;abs 0x4584
    4564:	09 20       	jnz	$+20     	;abs 0x4578
    4566:	0a 9c       	cmp	r12,	r10	
    4568:	0d 28       	jnc	$+28     	;abs 0x4584
    456a:	06 3c       	jmp	$+14     	;abs 0x4578
    456c:	0b 9d       	cmp	r13,	r11	
    456e:	04 28       	jnc	$+10     	;abs 0x4578
    4570:	0d 9b       	cmp	r11,	r13	
    4572:	27 28       	jnc	$+80     	;abs 0x45c2
    4574:	0a 9c       	cmp	r12,	r10	
    4576:	25 2c       	jc	$+76     	;abs 0x45c2
    4578:	0f 9b       	cmp	r11,	r15	
    457a:	04 28       	jnc	$+10     	;abs 0x4584
    457c:	0b 9f       	cmp	r15,	r11	
    457e:	21 28       	jnc	$+68     	;abs 0x45c2
    4580:	0e 9a       	cmp	r10,	r14	
    4582:	1f 2c       	jc	$+64     	;abs 0x45c2
    4584:	0c 4a       	mov	r10,	r12	
    4586:	0d 4b       	mov	r11,	r13	
    4588:	0c 8e       	sub	r14,	r12	
    458a:	0d 7f       	subc	r15,	r13	
    458c:	0d 93       	tst	r13		
    458e:	03 20       	jnz	$+8      	;abs 0x4596
    4590:	3c 90 01 04 	cmp	#1025,	r12	;#0x0401
    4594:	18 28       	jnc	$+50     	;abs 0x45c6
    4596:	0a 4e       	mov	r14,	r10	
    4598:	0b 4f       	mov	r15,	r11	
    459a:	3a 50 00 04 	add	#1024,	r10	;#0x0400
    459e:	0b 63       	adc	r11		
    45a0:	82 4a 10 11 	mov	r10,	&0x1110	
    45a4:	82 4b 12 11 	mov	r11,	&0x1112	
    45a8:	0a 4c       	mov	r12,	r10	
    45aa:	0b 4d       	mov	r13,	r11	
    45ac:	3a 50 00 fc 	add	#-1024,	r10	;#0xfc00
    45b0:	3b 63       	addc	#-1,	r11	;r3 As==11
    45b2:	82 4a 0c 11 	mov	r10,	&0x110c	
    45b6:	82 4b 0e 11 	mov	r11,	&0x110e	
    45ba:	3c 40 00 04 	mov	#1024,	r12	;#0x0400
    45be:	0d 43       	clr	r13		
    45c0:	0a 3c       	jmp	$+22     	;abs 0x45d6
    45c2:	0c 43       	clr	r12		
    45c4:	0d 43       	clr	r13		
    45c6:	82 4a 10 11 	mov	r10,	&0x1110	
    45ca:	82 4b 12 11 	mov	r11,	&0x1112	
    45ce:	82 43 0c 11 	mov	#0,	&0x110c	;r3 As==00
    45d2:	82 43 0e 11 	mov	#0,	&0x110e	;r3 As==00
    45d6:	0c 5c       	rla	r12		
    45d8:	0c 5c       	rla	r12		
    45da:	0c 5c       	rla	r12		
    45dc:	0c 5c       	rla	r12		
    45de:	0c 5c       	rla	r12		
    45e0:	0e 5e       	rla	r14		
    45e2:	0e 5e       	rla	r14		
    45e4:	0e 5e       	rla	r14		
    45e6:	0e 5e       	rla	r14		
    45e8:	0e 5e       	rla	r14		
    45ea:	1f 42 90 01 	mov	&0x0190,r15	
    45ee:	01 3c       	jmp	$+4      	;abs 0x45f2
    45f0:	0f 4d       	mov	r13,	r15	
    45f2:	1d 42 90 01 	mov	&0x0190,r13	
    45f6:	0f 9d       	cmp	r13,	r15	
    45f8:	fb 23       	jnz	$-8      	;abs 0x45f0
    45fa:	0b 4f       	mov	r15,	r11	
    45fc:	0b 8e       	sub	r14,	r11	
    45fe:	0b 9c       	cmp	r12,	r11	
    4600:	09 28       	jnc	$+20     	;abs 0x4614
    4602:	1f 42 90 01 	mov	&0x0190,r15	
    4606:	01 3c       	jmp	$+4      	;abs 0x460a
    4608:	0f 4e       	mov	r14,	r15	
    460a:	1e 42 90 01 	mov	&0x0190,r14	
    460e:	0f 9e       	cmp	r14,	r15	
    4610:	fb 23       	jnz	$-8      	;abs 0x4608
    4612:	0c 3c       	jmp	$+26     	;abs 0x462c
    4614:	0c 8b       	sub	r11,	r12	
    4616:	3c 90 03 00 	cmp	#3,	r12	;#0x0003
    461a:	0c 2c       	jc	$+26     	;abs 0x4634
    461c:	1f 42 90 01 	mov	&0x0190,r15	
    4620:	01 3c       	jmp	$+4      	;abs 0x4624
    4622:	0f 4e       	mov	r14,	r15	
    4624:	1e 42 90 01 	mov	&0x0190,r14	
    4628:	0f 9e       	cmp	r14,	r15	
    462a:	fb 23       	jnz	$-8      	;abs 0x4622
    462c:	2f 53       	incd	r15		
    462e:	82 4f 92 01 	mov	r15,	&0x0192	
    4632:	03 3c       	jmp	$+8      	;abs 0x463a
    4634:	0c 5f       	add	r15,	r12	
    4636:	82 4c 92 01 	mov	r12,	&0x0192	
    463a:	b2 f0 fe ff 82 01 	and	#-2,	&0x0182	;#0xfffe
    4640:	b2 d0 10 00 82 01 	bis	#16,	&0x0182	;#0x0010
    4646:	3a 41       	pop	r10		
    4648:	3b 41       	pop	r11		
    464a:	30 41       	ret			

0000464c <SchedulerBasicP__TaskBasic__postTask>:
    464c:	0b 12       	push	r11		
    464e:	4b 4f       	mov.b	r15,	r11	
    4650:	b0 12 64 44 	call	#0x4464	
    4654:	4e 4b       	mov.b	r11,	r14	
    4656:	fe 93 08 11 	cmp.b	#-1,	4360(r14);r3 As==11, 0x1108(r14)
    465a:	06 20       	jnz	$+14     	;abs 0x4668
    465c:	1e 43       	mov	#1,	r14	;r3 As==01
    465e:	c2 9b 27 11 	cmp.b	r11,	&0x1127	
    4662:	03 24       	jz	$+8      	;abs 0x466a
    4664:	0e 43       	clr	r14		
    4666:	01 3c       	jmp	$+4      	;abs 0x466a
    4668:	1e 43       	mov	#1,	r14	;r3 As==01
    466a:	0e 93       	tst	r14		
    466c:	0e 20       	jnz	$+30     	;abs 0x468a
    466e:	f2 93 26 11 	cmp.b	#-1,	&0x1126	;r3 As==11
    4672:	03 20       	jnz	$+8      	;abs 0x467a
    4674:	c2 4b 26 11 	mov.b	r11,	&0x1126	
    4678:	04 3c       	jmp	$+10     	;abs 0x4682
    467a:	5e 42 27 11 	mov.b	&0x1127,r14	
    467e:	ce 4b 08 11 	mov.b	r11,	4360(r14);0x1108(r14)
    4682:	c2 4b 27 11 	mov.b	r11,	&0x1127	
    4686:	4b 43       	clr.b	r11		
    4688:	02 3c       	jmp	$+6      	;abs 0x468e
    468a:	7b 40 05 00 	mov.b	#5,	r11	;#0x0005
    468e:	b0 12 76 44 	call	#0x4476	
    4692:	4f 4b       	mov.b	r11,	r15	
    4694:	3b 41       	pop	r11		
    4696:	30 41       	ret			

00004698 <Msp430TimerP__1__Event__fired>:
    4698:	7f 92       	cmp.b	#8,	r15	;r2 As==11
    469a:	50 2c       	jc	$+162    	;abs 0x473c
    469c:	4f 4f       	mov.b	r15,	r15	
    469e:	0f 5f       	rla	r15		
    46a0:	10 4f cc 49 	br	18892(r15)	;0x49cc(r15)
    46a4:	1f 42 82 01 	mov	&0x0182,r15	
    46a8:	8f 10       	swpb	r15		
    46aa:	5f f3       	and.b	#1,	r15	;r3 As==01
    46ac:	03 24       	jz	$+8      	;abs 0x46b4
    46ae:	1f 42 92 01 	mov	&0x0192,r15	
    46b2:	30 41       	ret			
    46b4:	b2 f0 ef ff 82 01 	and	#-17,	&0x0182	;#0xffef
    46ba:	82 93 0c 11 	tst	&0x110c	
    46be:	07 20       	jnz	$+16     	;abs 0x46ce
    46c0:	82 93 0e 11 	tst	&0x110e	
    46c4:	04 20       	jnz	$+10     	;abs 0x46ce
    46c6:	4f 43       	clr.b	r15		
    46c8:	b0 12 4c 46 	call	#0x464c	
    46cc:	30 41       	ret			
    46ce:	b0 12 3a 45 	call	#0x453a	
    46d2:	30 41       	ret			
    46d4:	1f 42 84 01 	mov	&0x0184,r15	
    46d8:	8f 10       	swpb	r15		
    46da:	5f f3       	and.b	#1,	r15	;r3 As==01
    46dc:	2f 24       	jz	$+96     	;abs 0x473c
    46de:	1f 42 94 01 	mov	&0x0194,r15	
    46e2:	30 41       	ret			
    46e4:	1f 42 86 01 	mov	&0x0186,r15	
    46e8:	8f 10       	swpb	r15		
    46ea:	5f f3       	and.b	#1,	r15	;r3 As==01
    46ec:	27 24       	jz	$+80     	;abs 0x473c
    46ee:	1f 42 96 01 	mov	&0x0196,r15	
    46f2:	30 41       	ret			
    46f4:	1f 42 88 01 	mov	&0x0188,r15	
    46f8:	8f 10       	swpb	r15		
    46fa:	5f f3       	and.b	#1,	r15	;r3 As==01
    46fc:	1f 24       	jz	$+64     	;abs 0x473c
    46fe:	1f 42 98 01 	mov	&0x0198,r15	
    4702:	30 41       	ret			
    4704:	1f 42 8a 01 	mov	&0x018a,r15	
    4708:	8f 10       	swpb	r15		
    470a:	5f f3       	and.b	#1,	r15	;r3 As==01
    470c:	17 24       	jz	$+48     	;abs 0x473c
    470e:	1f 42 9a 01 	mov	&0x019a,r15	
    4712:	30 41       	ret			
    4714:	1f 42 8c 01 	mov	&0x018c,r15	
    4718:	8f 10       	swpb	r15		
    471a:	5f f3       	and.b	#1,	r15	;r3 As==01
    471c:	0f 24       	jz	$+32     	;abs 0x473c
    471e:	1f 42 9c 01 	mov	&0x019c,r15	
    4722:	30 41       	ret			
    4724:	1f 42 8e 01 	mov	&0x018e,r15	
    4728:	8f 10       	swpb	r15		
    472a:	5f f3       	and.b	#1,	r15	;r3 As==01
    472c:	07 24       	jz	$+16     	;abs 0x473c
    472e:	1f 42 9e 01 	mov	&0x019e,r15	
    4732:	30 41       	ret			
    4734:	92 53 14 11 	inc	&0x1114	
    4738:	82 63 16 11 	adc	&0x1116	
    473c:	30 41       	ret			

0000473e <VirtualizeTimerC__0__fireTimers>:
    473e:	0b 12       	push	r11		
    4740:	0a 12       	push	r10		
    4742:	09 12       	push	r9		
    4744:	59 42 20 11 	mov.b	&0x1120,r9	
    4748:	69 b3       	bit.b	#2,	r9	;r3 As==10
    474a:	66 24       	jz	$+206    	;abs 0x4818
    474c:	1a 42 18 11 	mov	&0x1118,r10	
    4750:	1b 42 1a 11 	mov	&0x111a,r11	
    4754:	1c 42 1c 11 	mov	&0x111c,r12	
    4758:	1d 42 1e 11 	mov	&0x111e,r13	
    475c:	0e 8a       	sub	r10,	r14	
    475e:	0f 7b       	subc	r11,	r15	
    4760:	0f 9d       	cmp	r13,	r15	
    4762:	5a 28       	jnc	$+182    	;abs 0x4818
    4764:	02 20       	jnz	$+6      	;abs 0x476a
    4766:	0e 9c       	cmp	r12,	r14	
    4768:	57 28       	jnc	$+176    	;abs 0x4818
    476a:	59 b3       	bit.b	#1,	r9	;r3 As==01
    476c:	05 24       	jz	$+12     	;abs 0x4778
    476e:	79 f0 fd ff 	and.b	#-3,	r9	;#0xfffd
    4772:	c2 49 20 11 	mov.b	r9,	&0x1120	
    4776:	08 3c       	jmp	$+18     	;abs 0x4788
    4778:	0e 4c       	mov	r12,	r14	
    477a:	0f 4d       	mov	r13,	r15	
    477c:	0e 5a       	add	r10,	r14	
    477e:	0f 6b       	addc	r11,	r15	
    4780:	82 4e 18 11 	mov	r14,	&0x1118	
    4784:	82 4f 1a 11 	mov	r15,	&0x111a	
    4788:	1a 42 04 11 	mov	&0x1104,r10	
    478c:	1a b3       	bit	#1,	r10	;r3 As==01
    478e:	07 24       	jz	$+16     	;abs 0x479e
    4790:	b0 12 64 44 	call	#0x4464	
    4794:	5e 42 31 00 	mov.b	&0x0031,r14	
    4798:	7e f0 ef ff 	and.b	#-17,	r14	;#0xffef
    479c:	0e 3c       	jmp	$+30     	;abs 0x47ba
    479e:	b0 12 7e 44 	call	#0x447e	
    47a2:	0a 93       	tst	r10		
    47a4:	01 34       	jge	$+4      	;abs 0x47a8
    47a6:	1a 53       	inc	r10		
    47a8:	0a 11       	rra	r10		
    47aa:	1a b3       	bit	#1,	r10	;r3 As==01
    47ac:	0b 24       	jz	$+24     	;abs 0x47c4
    47ae:	b0 12 64 44 	call	#0x4464	
    47b2:	5e 42 31 00 	mov.b	&0x0031,r14	
    47b6:	7e f0 df ff 	and.b	#-33,	r14	;#0xffdf
    47ba:	c2 4e 31 00 	mov.b	r14,	&0x0031	
    47be:	b0 12 76 44 	call	#0x4476	
    47c2:	11 3c       	jmp	$+36     	;abs 0x47e6
    47c4:	b0 12 8e 44 	call	#0x448e	
    47c8:	0a 93       	tst	r10		
    47ca:	01 34       	jge	$+4      	;abs 0x47ce
    47cc:	1a 53       	inc	r10		
    47ce:	0a 11       	rra	r10		
    47d0:	1a f3       	and	#1,	r10	;r3 As==01
    47d2:	07 24       	jz	$+16     	;abs 0x47e2
    47d4:	b0 12 64 44 	call	#0x4464	
    47d8:	5e 42 31 00 	mov.b	&0x0031,r14	
    47dc:	7e f0 bf ff 	and.b	#-65,	r14	;#0xffbf
    47e0:	ec 3f       	jmp	$-38     	;abs 0x47ba
    47e2:	b0 12 9e 44 	call	#0x449e	
    47e6:	1f 42 04 11 	mov	&0x1104,r15	
    47ea:	1f 53       	inc	r15		
    47ec:	82 4f 04 11 	mov	r15,	&0x1104	
    47f0:	3f 92       	cmp	#8,	r15	;r2 As==11
    47f2:	12 20       	jnz	$+38     	;abs 0x4818
    47f4:	82 43 04 11 	mov	#0,	&0x1104	;r3 As==00
    47f8:	1f 42 02 11 	mov	&0x1102,r15	
    47fc:	1f 53       	inc	r15		
    47fe:	82 4f 02 11 	mov	r15,	&0x1102	
    4802:	1f 93       	cmp	#1,	r15	;r3 As==01
    4804:	09 20       	jnz	$+20     	;abs 0x4818
    4806:	f2 f0 fd ff 20 11 	and.b	#-3,	&0x1120	;#0xfffd
    480c:	b0 12 7e 44 	call	#0x447e	
    4810:	b0 12 8e 44 	call	#0x448e	
    4814:	b0 12 9e 44 	call	#0x449e	
    4818:	5f 43       	mov.b	#1,	r15	;r3 As==01
    481a:	b0 12 4c 46 	call	#0x464c	
    481e:	39 41       	pop	r9		
    4820:	3a 41       	pop	r10		
    4822:	3b 41       	pop	r11		
    4824:	30 41       	ret			

00004826 <SchedulerBasicP__TaskBasic__runTask>:
    4826:	0b 12       	push	r11		
    4828:	0a 12       	push	r10		
    482a:	09 12       	push	r9		
    482c:	08 12       	push	r8		
    482e:	21 83       	decd	r1		
    4830:	4f 93       	tst.b	r15		
    4832:	03 24       	jz	$+8      	;abs 0x483a
    4834:	5f 93       	cmp.b	#1,	r15	;r3 As==01
    4836:	70 20       	jnz	$+226    	;abs 0x4918
    4838:	2d 3c       	jmp	$+92     	;abs 0x4894
    483a:	c2 93 0a 11 	tst.b	&0x110a	
    483e:	27 20       	jnz	$+80     	;abs 0x488e
    4840:	1a 42 22 11 	mov	&0x1122,r10	
    4844:	1b 42 24 11 	mov	&0x1124,r11	
    4848:	b0 12 64 44 	call	#0x4464	
    484c:	18 42 0c 11 	mov	&0x110c,r8	
    4850:	19 42 0e 11 	mov	&0x110e,r9	
    4854:	18 52 10 11 	add	&0x1110,r8	
    4858:	19 62 12 11 	addc	&0x1112,r9	
    485c:	b0 12 76 44 	call	#0x4476	
    4860:	82 4a 22 11 	mov	r10,	&0x1122	
    4864:	82 4b 24 11 	mov	r11,	&0x1124	
    4868:	c2 43 0a 11 	mov.b	#0,	&0x110a	;r3 As==00
    486c:	b0 12 64 44 	call	#0x4464	
    4870:	82 48 10 11 	mov	r8,	&0x1110	
    4874:	82 49 12 11 	mov	r9,	&0x1112	
    4878:	82 4a 0c 11 	mov	r10,	&0x110c	
    487c:	82 4b 0e 11 	mov	r11,	&0x110e	
    4880:	81 4f 00 00 	mov	r15,	0(r1)	;0x0000(r1)
    4884:	b0 12 3a 45 	call	#0x453a	
    4888:	2f 41       	mov	@r1,	r15	
    488a:	b0 12 76 44 	call	#0x4476	
    488e:	b0 12 ae 44 	call	#0x44ae	
    4892:	21 3c       	jmp	$+68     	;abs 0x48d6
    4894:	b0 12 ae 44 	call	#0x44ae	
    4898:	0a 4e       	mov	r14,	r10	
    489a:	0b 4f       	mov	r15,	r11	
    489c:	b2 f0 ef ff 82 01 	and	#-17,	&0x0182	;#0xffef
    48a2:	e2 b3 20 11 	bit.b	#2,	&0x1120	;r3 As==10
    48a6:	38 24       	jz	$+114    	;abs 0x4918
    48a8:	08 4e       	mov	r14,	r8	
    48aa:	09 4f       	mov	r15,	r9	
    48ac:	18 82 18 11 	sub	&0x1118,r8	
    48b0:	19 72 1a 11 	subc	&0x111a,r9	
    48b4:	1e 42 1c 11 	mov	&0x111c,r14	
    48b8:	1f 42 1e 11 	mov	&0x111e,r15	
    48bc:	0e 88       	sub	r8,	r14	
    48be:	0f 79       	subc	r9,	r15	
    48c0:	08 4e       	mov	r14,	r8	
    48c2:	09 4f       	mov	r15,	r9	
    48c4:	0f 49       	mov	r9,	r15	
    48c6:	3e 93       	cmp	#-1,	r14	;r3 As==11
    48c8:	21 20       	jnz	$+68     	;abs 0x490c
    48ca:	39 90 ff 7f 	cmp	#32767,	r9	;#0x7fff
    48ce:	1e 20       	jnz	$+62     	;abs 0x490c
    48d0:	23 3c       	jmp	$+72     	;abs 0x4918
    48d2:	0e 4a       	mov	r10,	r14	
    48d4:	0f 4b       	mov	r11,	r15	
    48d6:	b0 12 3e 47 	call	#0x473e	
    48da:	1e 3c       	jmp	$+62     	;abs 0x4918
    48dc:	82 48 22 11 	mov	r8,	&0x1122	
    48e0:	82 49 24 11 	mov	r9,	&0x1124	
    48e4:	d2 43 0a 11 	mov.b	#1,	&0x110a	;r3 As==01
    48e8:	b0 12 64 44 	call	#0x4464	
    48ec:	82 4a 10 11 	mov	r10,	&0x1110	
    48f0:	82 4b 12 11 	mov	r11,	&0x1112	
    48f4:	82 48 0c 11 	mov	r8,	&0x110c	
    48f8:	82 49 0e 11 	mov	r9,	&0x110e	
    48fc:	81 4f 00 00 	mov	r15,	0(r1)	;0x0000(r1)
    4900:	b0 12 3a 45 	call	#0x453a	
    4904:	2f 41       	mov	@r1,	r15	
    4906:	b0 12 76 44 	call	#0x4476	
    490a:	06 3c       	jmp	$+14     	;abs 0x4918
    490c:	0f 93       	tst	r15		
    490e:	e1 3b       	jl	$-60     	;abs 0x48d2
    4910:	e5 23       	jnz	$-52     	;abs 0x48dc
    4912:	1e 93       	cmp	#1,	r14	;r3 As==01
    4914:	de 2b       	jnc	$-66     	;abs 0x48d2
    4916:	e2 3f       	jmp	$-58     	;abs 0x48dc
    4918:	21 53       	incd	r1		
    491a:	38 41       	pop	r8		
    491c:	39 41       	pop	r9		
    491e:	3a 41       	pop	r10		
    4920:	3b 41       	pop	r11		
    4922:	30 41       	ret			

00004924 <RealMainP__Scheduler__runNextTask>:
    4924:	f2 93 26 11 	cmp.b	#-1,	&0x1126	;r3 As==11
    4928:	08 24       	jz	$+18     	;abs 0x493a
    492a:	b0 12 0a 44 	call	#0x440a	
    492e:	7f 93       	cmp.b	#-1,	r15	;r3 As==11
    4930:	06 24       	jz	$+14     	;abs 0x493e
    4932:	b0 12 26 48 	call	#0x4826	
    4936:	5f 43       	mov.b	#1,	r15	;r3 As==01
    4938:	30 41       	ret			
    493a:	4f 43       	clr.b	r15		
    493c:	30 41       	ret			
    493e:	4f 43       	clr.b	r15		
    4940:	30 41       	ret			

00004942 <sig_TIMERA0_VECTOR>:
    4942:	0f 12       	push	r15		
    4944:	0e 12       	push	r14		
    4946:	0d 12       	push	r13		
    4948:	0c 12       	push	r12		
    494a:	4f 43       	clr.b	r15		
    494c:	b0 12 28 44 	call	#0x4428	
    4950:	3c 41       	pop	r12		
    4952:	3d 41       	pop	r13		
    4954:	3e 41       	pop	r14		
    4956:	3f 41       	pop	r15		
    4958:	b1 c0 f0 00 00 00 	bic	#240,	0(r1)	;#0x00f0, 0x0000(r1)
    495e:	00 13       	reti			

00004960 <sig_TIMERA1_VECTOR>:
    4960:	0f 12       	push	r15		
    4962:	0e 12       	push	r14		
    4964:	0d 12       	push	r13		
    4966:	0c 12       	push	r12		
    4968:	1f 42 2e 01 	mov	&0x012e,r15	
    496c:	4f 4f       	mov.b	r15,	r15	
    496e:	12 c3       	clrc			
    4970:	4f 10       	rrc.b	r15		
    4972:	b0 12 28 44 	call	#0x4428	
    4976:	3c 41       	pop	r12		
    4978:	3d 41       	pop	r13		
    497a:	3e 41       	pop	r14		
    497c:	3f 41       	pop	r15		
    497e:	b1 c0 f0 00 00 00 	bic	#240,	0(r1)	;#0x00f0, 0x0000(r1)
    4984:	00 13       	reti			

00004986 <sig_TIMERB0_VECTOR>:
    4986:	0f 12       	push	r15		
    4988:	0e 12       	push	r14		
    498a:	0d 12       	push	r13		
    498c:	0c 12       	push	r12		
    498e:	4f 43       	clr.b	r15		
    4990:	b0 12 98 46 	call	#0x4698	
    4994:	3c 41       	pop	r12		
    4996:	3d 41       	pop	r13		
    4998:	3e 41       	pop	r14		
    499a:	3f 41       	pop	r15		
    499c:	b1 c0 f0 00 00 00 	bic	#240,	0(r1)	;#0x00f0, 0x0000(r1)
    49a2:	00 13       	reti			

000049a4 <sig_TIMERB1_VECTOR>:
    49a4:	0f 12       	push	r15		
    49a6:	0e 12       	push	r14		
    49a8:	0d 12       	push	r13		
    49aa:	0c 12       	push	r12		
    49ac:	1f 42 1e 01 	mov	&0x011e,r15	
    49b0:	4f 4f       	mov.b	r15,	r15	
    49b2:	12 c3       	clrc			
    49b4:	4f 10       	rrc.b	r15		
    49b6:	b0 12 98 46 	call	#0x4698	
    49ba:	3c 41       	pop	r12		
    49bc:	3d 41       	pop	r13		
    49be:	3e 41       	pop	r14		
    49c0:	3f 41       	pop	r15		
    49c2:	b1 c0 f0 00 00 00 	bic	#240,	0(r1)	;#0x00f0, 0x0000(r1)
    49c8:	00 13       	reti			

000049ca <_unexpected_>:
    49ca:	00 13       	reti			

Disassembly of section .vectors:

0000ffe0 <__ivtbl_16>:
    ffe0:	e2 43 e2 43 e2 43 e2 43 e2 43 60 49 42 49 e2 43     .C.C.C.C.C`IBI.C
    fff0:	e2 43 e2 43 e2 43 e2 43 a4 49 86 49 e2 43 00 40     .C.C.C.C.I.I.C.@
